Copyright 1986-2017 Xilinx, Inc. All Rights Reserved.
------------------------------------------------------------------------------------
| Tool Version : Vivado v.2017.4 (win64) Build 2086221 Fri Dec 15 20:55:39 MST 2017
| Date         : Mon Apr 16 11:19:26 2018
| Host         : W7-64-05 running 64-bit Service Pack 1  (build 7601)
| Command      : upgrade_ip
| Device       : xc7z020clg400-1
------------------------------------------------------------------------------------

Upgrade Log for IP 'zsys_emio_sdemu_0_0'

1. Summary
----------

SUCCESS in the conversion of zsys_emio_sdemu_0_0 (zifra.tech:userIP:emio_sdemu:1.3 (Rev. 15)) to Vivado generation flows.






Copyright 1986-2017 Xilinx, Inc. All Rights Reserved.
------------------------------------------------------------------------------------
| Tool Version : Vivado v.2017.4 (win64) Build 2086221 Fri Dec 15 20:55:39 MST 2017
| Date         : Mon Apr 16 10:13:43 2018
| Host         : W7-64-05 running 64-bit Service Pack 1  (build 7601)
| Command      : upgrade_ip
| Device       : xc7z020clg400-1
------------------------------------------------------------------------------------

Upgrade Log for IP 'zsys_emio_sdemu_0_0'

1. Summary
----------

SUCCESS in the upgrade of zsys_emio_sdemu_0_0 (zifra.tech:userIP:emio_sdemu:1.3) from (Rev. 14) to (Rev. 15)






Copyright 1986-2017 Xilinx, Inc. All Rights Reserved.
------------------------------------------------------------------------------------
| Tool Version : Vivado v.2017.4 (win64) Build 2086221 Fri Dec 15 20:55:39 MST 2017
| Date         : Sun Apr 15 16:09:25 2018
| Host         : W7-64-05 running 64-bit Service Pack 1  (build 7601)
| Command      : upgrade_ip
| Device       : xc7z020clg400-1
------------------------------------------------------------------------------------

Upgrade Log for IP 'zsys_emio_sdemu_0_0'

1. Summary
----------

SUCCESS in the upgrade of zsys_emio_sdemu_0_0 (zifra.tech:userIP:emio_sdemu:1.3) from (Rev. 13) to (Rev. 14)






Copyright 1986-2017 Xilinx, Inc. All Rights Reserved.
------------------------------------------------------------------------------------
| Tool Version : Vivado v.2017.4 (win64) Build 2086221 Fri Dec 15 20:55:39 MST 2017
| Date         : Sun Apr 15 14:53:08 2018
| Host         : W7-64-05 running 64-bit Service Pack 1  (build 7601)
| Command      : upgrade_ip
| Device       : xc7z020clg400-1
------------------------------------------------------------------------------------

Upgrade Log for IP 'zsys_emio_sdemu_0_0'

1. Summary
----------

SUCCESS in the upgrade of zsys_emio_sdemu_0_0 (zifra.tech:userIP:emio_sdemu:1.3) from (Rev. 12) to (Rev. 13)






Copyright 1986-2017 Xilinx, Inc. All Rights Reserved.
------------------------------------------------------------------------------------
| Tool Version : Vivado v.2017.4 (win64) Build 2086221 Fri Dec 15 20:55:39 MST 2017
| Date         : Sun Apr 15 14:35:56 2018
| Host         : W7-64-05 running 64-bit Service Pack 1  (build 7601)
| Command      : upgrade_ip
| Device       : xc7z020clg400-1
------------------------------------------------------------------------------------

Upgrade Log for IP 'zsys_emio_sdemu_0_0'

1. Summary
----------

SUCCESS in the upgrade of zsys_emio_sdemu_0_0 (zifra.tech:userIP:emio_sdemu:1.3) from (Rev. 11) to (Rev. 12)






Copyright 1986-2017 Xilinx, Inc. All Rights Reserved.
------------------------------------------------------------------------------------
| Tool Version : Vivado v.2017.4 (win64) Build 2086221 Fri Dec 15 20:55:39 MST 2017
| Date         : Sun Apr 15 13:27:32 2018
| Host         : W7-64-05 running 64-bit Service Pack 1  (build 7601)
| Command      : upgrade_ip
| Device       : xc7z020clg400-1
------------------------------------------------------------------------------------

Upgrade Log for IP 'zsys_emio_sdemu_0_0'

1. Summary
----------

SUCCESS in the upgrade of zsys_emio_sdemu_0_0 (zifra.tech:userIP:emio_sdemu:1.3) from (Rev. 10) to (Rev. 11)






Copyright 1986-2017 Xilinx, Inc. All Rights Reserved.
------------------------------------------------------------------------------------
| Tool Version : Vivado v.2017.4 (win64) Build 2086221 Fri Dec 15 20:55:39 MST 2017
| Date         : Thu Apr 12 13:58:47 2018
| Host         : W7-64-05 running 64-bit Service Pack 1  (build 7601)
| Command      : upgrade_ip
| Device       : xc7z020clg400-1
------------------------------------------------------------------------------------

Upgrade Log for IP 'zsys_wb2axi_0_0'

1. Summary
----------

SUCCESS in the upgrade of zsys_wb2axi_0_0 (zifra.tech:UserIP:wb2axi:1.0) from (Rev. 1) to (Rev. 2)






Copyright 1986-2017 Xilinx, Inc. All Rights Reserved.
------------------------------------------------------------------------------------
| Tool Version : Vivado v.2017.4 (win64) Build 2086221 Fri Dec 15 20:55:39 MST 2017
| Date         : Thu Apr 12 13:10:43 2018
| Host         : W7-64-05 running 64-bit Service Pack 1  (build 7601)
| Command      : upgrade_ip
| Device       : xc7z020clg400-1
------------------------------------------------------------------------------------

Upgrade Log for IP 'zsys_emio_sdemu_0_0'

1. Summary
----------

SUCCESS in the upgrade of zsys_emio_sdemu_0_0 (zifra.tech:userIP:emio_sdemu:1.3) from (Rev. 9) to (Rev. 10)






Copyright 1986-2017 Xilinx, Inc. All Rights Reserved.
------------------------------------------------------------------------------------
| Tool Version : Vivado v.2017.4 (win64) Build 2086221 Fri Dec 15 20:55:39 MST 2017
| Date         : Thu Apr 12 07:33:59 2018
| Host         : W7-64-05 running 64-bit Service Pack 1  (build 7601)
| Command      : upgrade_ip
| Device       : xc7z020clg400-1
------------------------------------------------------------------------------------

Upgrade Log for IP 'zsys_emio_sdemu_0_0'

1. Summary
----------

CAUTION (success, with warnings) in the upgrade of zsys_emio_sdemu_0_0 (zifra.tech:userIP:emio_sdemu:1.3) from (Rev. 8) to (Rev. 9)

After upgrade, an IP may have parameter and port differences compared to the original customization. Please review the parameters within the IP customization GUI to ensure proper functionality. Also, please review the updated IP instantiation template to ensure proper connectivity, and update your design if required.

2. Connection Warnings
----------------------

Detected external port differences while upgrading 'zsys_emio_sdemu_0_0'. These changes may impact your design.


-Upgrade has added port 'clk_in'

-Upgrade has added port 'clk_out'







Copyright 1986-2017 Xilinx, Inc. All Rights Reserved.
------------------------------------------------------------------------------------
| Tool Version : Vivado v.2017.4 (win64) Build 2086221 Fri Dec 15 20:55:39 MST 2017
| Date         : Wed Apr 11 16:36:54 2018
| Host         : W7-64-05 running 64-bit Service Pack 1  (build 7601)
| Command      : upgrade_ip
| Device       : xc7z020clg400-1
------------------------------------------------------------------------------------

Upgrade Log for IP 'zsys_sdio_monitor_axis_v1_0_0_0'

1. Summary
----------

SUCCESS in the upgrade of zsys_sdio_monitor_axis_v1_0_0_0 (microfpga.com:user:sdio_monitor_axis_v1_0:1.0) from (Rev. 12) to (Rev. 13)

