#-----------------------------------------------------------
# Webtalk v2017.4 (64-bit)
# SW Build 2086221 on Fri Dec 15 20:55:39 MST 2017
# 
# Start of session at: Thu Apr  5 12:35:28 2018
# Process ID: 9892
# Current directory: B:/SVN/cores/customers/zifra/zybo/zybo_foc/arty_z7_20_foc.sdk/webtalk
# Command line: wbtcv.exe -mode batch -source sdk_webtalk.tcl
# Log file: B:/SVN/cores/customers/zifra/zybo/zybo_foc/arty_z7_20_foc.sdk/webtalk/webtalk.log
# Journal file: B:/SVN/cores/customers/zifra/zybo/zybo_foc/arty_z7_20_foc.sdk/webtalk\webtalk.jou
#-----------------------------------------------------------
source sdk_webtalk.tcl
# webtalk_init -webtalk_dir B:\\SVN\\cores\\customers\\zifra\\zybo\\zybo_foc\\arty_z7_20_foc.sdk\\webtalk
# webtalk_register_client -client project
# webtalk_add_data -client project -key date_generated -value "2018-04-05 12:35:27" -context "software_version_and_target_device"
# webtalk_add_data -client project -key product_version -value "SDK v2017.4" -context "software_version_and_target_device"
# webtalk_add_data -client project -key build_version -value "2017.4" -context "software_version_and_target_device"
# webtalk_add_data -client project -key os_platform -value "amd64" -context "software_version_and_target_device"
# webtalk_add_data -client project -key registration_id -value "16020553_207303401_210576364_309" -context "software_version_and_target_device"
# webtalk_add_data -client project -key tool_flow -value "SDK" -context "software_version_and_target_device"
# webtalk_add_data -client project -key beta -value "false" -context "software_version_and_target_device"
# webtalk_add_data -client project -key route_design -value "NA" -context "software_version_and_target_device"
# webtalk_add_data -client project -key target_family -value "NA" -context "software_version_and_target_device"
# webtalk_add_data -client project -key target_device -value "NA" -context "software_version_and_target_device"
# webtalk_add_data -client project -key target_package -value "NA" -context "software_version_and_target_device"
# webtalk_add_data -client project -key target_speed -value "NA" -context "software_version_and_target_device"
# webtalk_add_data -client project -key random_id -value "s1nh0tkec2t7qf948s98npeo12" -context "software_version_and_target_device"
# webtalk_add_data -client project -key project_id -value "2017.4_5" -context "software_version_and_target_device"
# webtalk_add_data -client project -key project_iteration -value "5" -context "software_version_and_target_device"
# webtalk_add_data -client project -key os_name -value "Microsoft Windows 7 , 64-bit" -context "user_environment"
# webtalk_add_data -client project -key os_release -value "Service Pack 1  (build 7601)" -context "user_environment"
# webtalk_add_data -client project -key cpu_name -value "Intel(R) Core(TM) i7-3770 CPU @ 3.40GHz" -context "user_environment"
# webtalk_add_data -client project -key cpu_speed -value "3392 MHz" -context "user_environment"
# webtalk_add_data -client project -key total_processors -value "1" -context "user_environment"
# webtalk_add_data -client project -key system_ram -value "34.312 GB" -context "user_environment"
# webtalk_register_client -client sdk
# webtalk_add_data -client sdk -key uid -value "1522919652536" -context "sdk\\\\hardware/1522919652536"
# webtalk_add_data -client sdk -key isZynq -value "true" -context "sdk\\\\hardware/1522919652536"
# webtalk_add_data -client sdk -key isZynqMP -value "false" -context "sdk\\\\hardware/1522919652536"
# webtalk_add_data -client sdk -key Processors -value "2" -context "sdk\\\\hardware/1522919652536"
# webtalk_add_data -client sdk -key VivadoVersion -value "2017.4" -context "sdk\\\\hardware/1522919652536"
# webtalk_add_data -client sdk -key Arch -value "zynq" -context "sdk\\\\hardware/1522919652536"
# webtalk_add_data -client sdk -key Device -value "7z020" -context "sdk\\\\hardware/1522919652536"
# webtalk_add_data -client sdk -key IsHandoff -value "true" -context "sdk\\\\hardware/1522919652536"
# webtalk_add_data -client sdk -key os -value "NA" -context "sdk\\\\hardware/1522919652536"
# webtalk_add_data -client sdk -key apptemplate -value "NA" -context "sdk\\\\hardware/1522919652536"
# webtalk_add_data -client sdk -key RecordType -value "HWCreation" -context "sdk\\\\hardware/1522919652536"
# webtalk_add_data -client sdk -key uid -value "1522919700017" -context "sdk\\\\bsp/1522919700017"
# webtalk_add_data -client sdk -key hwid -value "1522919652536" -context "sdk\\\\bsp/1522919700017"
# webtalk_add_data -client sdk -key os -value "standalone" -context "sdk\\\\bsp/1522919700017"
# webtalk_add_data -client sdk -key apptemplate -value "zynq_fsbl" -context "sdk\\\\bsp/1522919700017"
# webtalk_add_data -client sdk -key RecordType -value "BSPCreation" -context "sdk\\\\bsp/1522919700017"
# webtalk_add_data -client sdk -key uid -value "1522919706893" -context "sdk\\\\application/1522919706893"
# webtalk_add_data -client sdk -key hwid -value "1522919652536" -context "sdk\\\\application/1522919706893"
# webtalk_add_data -client sdk -key bspid -value "1522919700017" -context "sdk\\\\application/1522919706893"
# webtalk_add_data -client sdk -key newbsp -value "true" -context "sdk\\\\application/1522919706893"
# webtalk_add_data -client sdk -key os -value "standalone" -context "sdk\\\\application/1522919706893"
# webtalk_add_data -client sdk -key apptemplate -value "zynq_fsbl" -context "sdk\\\\application/1522919706893"
# webtalk_add_data -client sdk -key RecordType -value "APPCreation" -context "sdk\\\\application/1522919706893"
# webtalk_add_data -client sdk -key LangUsed -value "C" -context "sdk\\\\application/1522919706893"
# webtalk_add_data -client sdk -key Procused -value "ps7_cortexa9" -context "sdk\\\\application/1522919706893"
# webtalk_add_data -client sdk -key projSize -value "356.56640625" -context "sdk\\\\application/1522919706893"
# webtalk_add_data -client sdk -key uid -value "1522919818906" -context "sdk\\\\bsp/1522919818906"
# webtalk_add_data -client sdk -key hwid -value "1522919652536" -context "sdk\\\\bsp/1522919818906"
# webtalk_add_data -client sdk -key os -value "standalone" -context "sdk\\\\bsp/1522919818906"
# webtalk_add_data -client sdk -key apptemplate -value "hello_world" -context "sdk\\\\bsp/1522919818906"
# webtalk_add_data -client sdk -key RecordType -value "BSPCreation" -context "sdk\\\\bsp/1522919818906"
# webtalk_add_data -client sdk -key uid -value "1522919820029" -context "sdk\\\\application/1522919820029"
# webtalk_add_data -client sdk -key hwid -value "1522919652536" -context "sdk\\\\application/1522919820029"
# webtalk_add_data -client sdk -key bspid -value "1522919818906" -context "sdk\\\\application/1522919820029"
# webtalk_add_data -client sdk -key newbsp -value "true" -context "sdk\\\\application/1522919820029"
# webtalk_add_data -client sdk -key os -value "standalone" -context "sdk\\\\application/1522919820029"
# webtalk_add_data -client sdk -key apptemplate -value "hello_world" -context "sdk\\\\application/1522919820029"
# webtalk_add_data -client sdk -key RecordType -value "APPCreation" -context "sdk\\\\application/1522919820029"
# webtalk_add_data -client sdk -key LangUsed -value "C" -context "sdk\\\\application/1522919820029"
# webtalk_add_data -client sdk -key Procused -value "ps7_cortexa9" -context "sdk\\\\application/1522919820029"
# webtalk_add_data -client sdk -key projSize -value "162.375" -context "sdk\\\\application/1522919820029"
# webtalk_add_data -client sdk -key uid -value "NA" -context "sdk\\\\bsp/1522924527556"
# webtalk_add_data -client sdk -key RecordType -value "ToolUsage" -context "sdk\\\\bsp/1522924527556"
# webtalk_add_data -client sdk -key BootgenCount -value "6" -context "sdk\\\\bsp/1522924527556"
# webtalk_add_data -client sdk -key DebugCount -value "9" -context "sdk\\\\bsp/1522924527556"
# webtalk_add_data -client sdk -key PerfCount -value "0" -context "sdk\\\\bsp/1522924527556"
# webtalk_add_data -client sdk -key FlashCount -value "4" -context "sdk\\\\bsp/1522924527556"
# webtalk_add_data -client sdk -key CrossTriggCount -value "0" -context "sdk\\\\bsp/1522924527556"
# webtalk_add_data -client sdk -key QemuDebugCount -value "0" -context "sdk\\\\bsp/1522924527556"
# webtalk_transmit -clientid 4121574650 -regid "16020553_207303401_210576364_309" -xml B:\\SVN\\cores\\customers\\zifra\\zybo\\zybo_foc\\arty_z7_20_foc.sdk\\webtalk\\usage_statistics_ext_sdk.xml -html B:\\SVN\\cores\\customers\\zifra\\zybo\\zybo_foc\\arty_z7_20_foc.sdk\\webtalk\\usage_statistics_ext_sdk.html -wdm B:\\SVN\\cores\\customers\\zifra\\zybo\\zybo_foc\\arty_z7_20_foc.sdk\\webtalk\\sdk_webtalk.wdm -intro "<H3>SDK Usage Report</H3><BR>"
# webtalk_terminate
INFO: [Common 17-206] Exiting Webtalk at Thu Apr  5 12:35:31 2018...
