11:14:06 INFO  : Registering command handlers for SDK TCF services
11:14:07 INFO  : Launching XSCT server: xsct.bat -interactive B:\SVN\cores\customers\zifra\zybo\zybo_foc\arty_z7_20_foc.sdk\temp_xsdb_launch_script.tcl
11:14:09 INFO  : XSCT server has started successfully.
11:14:09 INFO  : Successfully done setting XSCT server connection channel  
11:14:09 INFO  : Successfully done setting SDK workspace  
11:14:09 INFO  : Processing command line option -hwspec B:/SVN/cores/customers/zifra/zybo/zybo_foc/arty_z7_20_foc.sdk/zsys_wrapper.hdf.
11:22:18 INFO  : 'targets -set -filter {jtag_cable_name =~ "Digilent Arty Z7 210346298153A" && level==0} -index 1' command is executed.
11:22:18 INFO  : 'fpga -state' command is executed.
11:22:18 INFO  : Connected to target on host '127.0.0.1' and port '3121'.
11:22:18 INFO  : Jtag cable 'Digilent Arty Z7 210346298153A' is selected.
11:22:18 INFO  : 'jtag frequency' command is executed.
11:22:18 INFO  : Sourcing of 'B:/SVN/cores/customers/zifra/zybo/zybo_foc/arty_z7_20_foc.sdk/zsys_wrapper_hw_platform_0/ps7_init.tcl' is done.
11:22:18 INFO  : Context for 'APU' is selected.
11:22:18 INFO  : Hardware design information is loaded from 'B:/SVN/cores/customers/zifra/zybo/zybo_foc/arty_z7_20_foc.sdk/zsys_wrapper_hw_platform_0/system.hdf'.
11:22:18 INFO  : 'configparams force-mem-access 1' command is executed.
11:22:18 INFO  : Context for 'APU' is selected.
11:22:18 INFO  : 'stop' command is executed.
11:22:19 INFO  : 'ps7_init' command is executed.
11:22:19 INFO  : 'ps7_post_config' command is executed.
11:22:19 INFO  : Context for processor 'ps7_cortexa9_0' is selected.
11:22:19 INFO  : Processor reset is completed for 'ps7_cortexa9_0'.
11:22:19 INFO  : Context for processor 'ps7_cortexa9_0' is selected.
11:22:19 INFO  : The application 'B:/SVN/cores/customers/zifra/zybo/zybo_foc/arty_z7_20_foc.sdk/uboot/Debug/uboot.elf' is downloaded to processor 'ps7_cortexa9_0'.
11:22:19 INFO  : 'configparams force-mem-access 0' command is executed.
11:22:19 INFO  : ----------------XSDB Script----------------
connect -url tcp:127.0.0.1:3121
source B:/SVN/cores/customers/zifra/zybo/zybo_foc/arty_z7_20_foc.sdk/zsys_wrapper_hw_platform_0/ps7_init.tcl
targets -set -nocase -filter {name =~"APU*" && jtag_cable_name =~ "Digilent Arty Z7 210346298153A"} -index 0
loadhw -hw B:/SVN/cores/customers/zifra/zybo/zybo_foc/arty_z7_20_foc.sdk/zsys_wrapper_hw_platform_0/system.hdf -mem-ranges [list {0x40000000 0xbfffffff}]
configparams force-mem-access 1
targets -set -nocase -filter {name =~"APU*" && jtag_cable_name =~ "Digilent Arty Z7 210346298153A"} -index 0
stop
ps7_init
ps7_post_config
targets -set -nocase -filter {name =~ "ARM*#0" && jtag_cable_name =~ "Digilent Arty Z7 210346298153A"} -index 0
rst -processor
targets -set -nocase -filter {name =~ "ARM*#0" && jtag_cable_name =~ "Digilent Arty Z7 210346298153A"} -index 0
dow B:/SVN/cores/customers/zifra/zybo/zybo_foc/arty_z7_20_foc.sdk/uboot/Debug/uboot.elf
configparams force-mem-access 0
----------------End of Script----------------

11:22:19 INFO  : Memory regions updated for context APU
11:22:19 INFO  : Context for processor 'ps7_cortexa9_0' is selected.
11:22:19 INFO  : 'con' command is executed.
11:22:19 INFO  : ----------------XSDB Script (After Launch)----------------
targets -set -nocase -filter {name =~ "ARM*#0" && jtag_cable_name =~ "Digilent Arty Z7 210346298153A"} -index 0
con
----------------End of Script----------------

11:22:19 INFO  : Launch script is exported to file 'B:\SVN\cores\customers\zifra\zybo\zybo_foc\arty_z7_20_foc.sdk\.sdk\launch_scripts\xilinx_c-c++_application_(system_debugger)\system_debugger_using_debug_uboot.elf_on_local.tcl'
11:29:19 INFO  : Invoking Bootgen: bootgen -image uboot.bif -arch zynq -o B:\SVN\cores\customers\zifra\zybo\zybo_foc\arty_z7_20_foc.sdk\uboot\bootimage\BOOT.bin
11:29:19 INFO  : Creating new bif file B:\SVN\cores\customers\zifra\zybo\zybo_foc\arty_z7_20_foc.sdk\uboot\bootimage\uboot.bif
11:29:20 INFO  : Bootgen command execution is done.
11:30:37 INFO  : Disconnected from the channel tcfchan#1.
11:30:52 INFO  : 'targets -set -filter {jtag_cable_name =~ "Digilent Arty Z7 210346298153A" && level==0} -index 1' command is executed.
11:30:53 INFO  : 'fpga -state' command is executed.
11:30:56 INFO  : Connected to target on host '127.0.0.1' and port '3121'.
11:30:56 INFO  : Jtag cable 'Digilent Arty Z7 210346298153A' is selected.
11:30:56 INFO  : 'jtag frequency' command is executed.
11:30:56 INFO  : Sourcing of 'B:/SVN/cores/customers/zifra/zybo/zybo_foc/arty_z7_20_foc.sdk/zsys_wrapper_hw_platform_0/ps7_init.tcl' is done.
11:30:56 INFO  : Context for 'APU' is selected.
11:30:56 INFO  : Hardware design information is loaded from 'B:/SVN/cores/customers/zifra/zybo/zybo_foc/arty_z7_20_foc.sdk/zsys_wrapper_hw_platform_0/system.hdf'.
11:30:56 INFO  : 'configparams force-mem-access 1' command is executed.
11:30:56 INFO  : Context for 'APU' is selected.
11:30:56 INFO  : 'stop' command is executed.
11:30:56 INFO  : 'ps7_init' command is executed.
11:30:56 INFO  : 'ps7_post_config' command is executed.
11:30:56 INFO  : Context for processor 'ps7_cortexa9_0' is selected.
11:30:56 INFO  : Processor reset is completed for 'ps7_cortexa9_0'.
11:30:56 INFO  : Context for processor 'ps7_cortexa9_0' is selected.
11:30:57 INFO  : The application 'B:/SVN/cores/customers/zifra/zybo/zybo_foc/arty_z7_20_foc.sdk/fsbl/Debug/fsbl.elf' is downloaded to processor 'ps7_cortexa9_0'.
11:30:57 INFO  : 'configparams force-mem-access 0' command is executed.
11:30:57 INFO  : ----------------XSDB Script----------------
connect -url tcp:127.0.0.1:3121
source B:/SVN/cores/customers/zifra/zybo/zybo_foc/arty_z7_20_foc.sdk/zsys_wrapper_hw_platform_0/ps7_init.tcl
targets -set -nocase -filter {name =~"APU*" && jtag_cable_name =~ "Digilent Arty Z7 210346298153A"} -index 0
loadhw -hw B:/SVN/cores/customers/zifra/zybo/zybo_foc/arty_z7_20_foc.sdk/zsys_wrapper_hw_platform_0/system.hdf -mem-ranges [list {0x40000000 0xbfffffff}]
configparams force-mem-access 1
targets -set -nocase -filter {name =~"APU*" && jtag_cable_name =~ "Digilent Arty Z7 210346298153A"} -index 0
stop
ps7_init
ps7_post_config
targets -set -nocase -filter {name =~ "ARM*#0" && jtag_cable_name =~ "Digilent Arty Z7 210346298153A"} -index 0
rst -processor
targets -set -nocase -filter {name =~ "ARM*#0" && jtag_cable_name =~ "Digilent Arty Z7 210346298153A"} -index 0
dow B:/SVN/cores/customers/zifra/zybo/zybo_foc/arty_z7_20_foc.sdk/fsbl/Debug/fsbl.elf
configparams force-mem-access 0
----------------End of Script----------------

11:30:57 INFO  : Memory regions updated for context APU
11:30:57 INFO  : Context for processor 'ps7_cortexa9_0' is selected.
11:30:57 INFO  : 'con' command is executed.
11:30:57 INFO  : ----------------XSDB Script (After Launch)----------------
targets -set -nocase -filter {name =~ "ARM*#0" && jtag_cable_name =~ "Digilent Arty Z7 210346298153A"} -index 0
con
----------------End of Script----------------

11:30:57 INFO  : Launch script is exported to file 'B:\SVN\cores\customers\zifra\zybo\zybo_foc\arty_z7_20_foc.sdk\.sdk\launch_scripts\xilinx_c-c++_application_(system_debugger)\system_debugger_using_debug_fsbl.elf_on_local.tcl'
11:32:54 INFO  : Disconnected from the channel tcfchan#2.
11:32:55 INFO  : 'targets -set -filter {jtag_cable_name =~ "Digilent Arty Z7 210346298153A" && level==0} -index 1' command is executed.
11:32:55 INFO  : 'fpga -state' command is executed.
11:32:55 INFO  : Connected to target on host '127.0.0.1' and port '3121'.
11:32:55 INFO  : Jtag cable 'Digilent Arty Z7 210346298153A' is selected.
11:32:55 INFO  : 'jtag frequency' command is executed.
11:32:55 INFO  : Sourcing of 'B:/SVN/cores/customers/zifra/zybo/zybo_foc/arty_z7_20_foc.sdk/zsys_wrapper_hw_platform_0/ps7_init.tcl' is done.
11:32:55 INFO  : Context for 'APU' is selected.
11:32:57 INFO  : Hardware design information is loaded from 'B:/SVN/cores/customers/zifra/zybo/zybo_foc/arty_z7_20_foc.sdk/zsys_wrapper_hw_platform_0/system.hdf'.
11:32:57 INFO  : 'configparams force-mem-access 1' command is executed.
11:32:57 INFO  : Context for 'APU' is selected.
11:32:57 INFO  : 'stop' command is executed.
11:32:57 INFO  : 'ps7_init' command is executed.
11:32:57 INFO  : 'ps7_post_config' command is executed.
11:32:57 INFO  : Context for processor 'ps7_cortexa9_0' is selected.
11:32:57 INFO  : Processor reset is completed for 'ps7_cortexa9_0'.
11:32:58 INFO  : Context for processor 'ps7_cortexa9_0' is selected.
11:32:58 INFO  : The application 'B:/SVN/cores/customers/zifra/zybo/zybo_foc/arty_z7_20_foc.sdk/fsbl/Debug/fsbl.elf' is downloaded to processor 'ps7_cortexa9_0'.
11:32:58 INFO  : 'configparams force-mem-access 0' command is executed.
11:32:58 INFO  : ----------------XSDB Script----------------
connect -url tcp:127.0.0.1:3121
source B:/SVN/cores/customers/zifra/zybo/zybo_foc/arty_z7_20_foc.sdk/zsys_wrapper_hw_platform_0/ps7_init.tcl
targets -set -nocase -filter {name =~"APU*" && jtag_cable_name =~ "Digilent Arty Z7 210346298153A"} -index 0
loadhw -hw B:/SVN/cores/customers/zifra/zybo/zybo_foc/arty_z7_20_foc.sdk/zsys_wrapper_hw_platform_0/system.hdf -mem-ranges [list {0x40000000 0xbfffffff}]
configparams force-mem-access 1
targets -set -nocase -filter {name =~"APU*" && jtag_cable_name =~ "Digilent Arty Z7 210346298153A"} -index 0
stop
ps7_init
ps7_post_config
targets -set -nocase -filter {name =~ "ARM*#0" && jtag_cable_name =~ "Digilent Arty Z7 210346298153A"} -index 0
rst -processor
targets -set -nocase -filter {name =~ "ARM*#0" && jtag_cable_name =~ "Digilent Arty Z7 210346298153A"} -index 0
dow B:/SVN/cores/customers/zifra/zybo/zybo_foc/arty_z7_20_foc.sdk/fsbl/Debug/fsbl.elf
configparams force-mem-access 0
----------------End of Script----------------

11:32:58 INFO  : Memory regions updated for context APU
11:32:58 INFO  : Context for processor 'ps7_cortexa9_0' is selected.
11:32:58 INFO  : 'con' command is executed.
11:32:58 INFO  : ----------------XSDB Script (After Launch)----------------
targets -set -nocase -filter {name =~ "ARM*#0" && jtag_cable_name =~ "Digilent Arty Z7 210346298153A"} -index 0
con
----------------End of Script----------------

11:32:58 INFO  : Launch script is exported to file 'B:\SVN\cores\customers\zifra\zybo\zybo_foc\arty_z7_20_foc.sdk\.sdk\launch_scripts\xilinx_c-c++_application_(system_debugger)\system_debugger_using_debug_fsbl.elf_on_local.tcl'
11:33:56 INFO  : Disconnected from the channel tcfchan#3.
11:33:57 INFO  : 'targets -set -filter {jtag_cable_name =~ "Digilent Arty Z7 210346298153A" && level==0} -index 1' command is executed.
11:33:57 INFO  : 'fpga -state' command is executed.
11:33:57 INFO  : Connected to target on host '127.0.0.1' and port '3121'.
11:33:57 INFO  : Jtag cable 'Digilent Arty Z7 210346298153A' is selected.
11:33:57 INFO  : 'jtag frequency' command is executed.
11:33:57 INFO  : Sourcing of 'B:/SVN/cores/customers/zifra/zybo/zybo_foc/arty_z7_20_foc.sdk/zsys_wrapper_hw_platform_0/ps7_init.tcl' is done.
11:33:57 INFO  : Context for 'APU' is selected.
11:33:59 INFO  : Hardware design information is loaded from 'B:/SVN/cores/customers/zifra/zybo/zybo_foc/arty_z7_20_foc.sdk/zsys_wrapper_hw_platform_0/system.hdf'.
11:33:59 INFO  : 'configparams force-mem-access 1' command is executed.
11:33:59 INFO  : Context for 'APU' is selected.
11:33:59 INFO  : 'stop' command is executed.
11:34:00 INFO  : 'ps7_init' command is executed.
11:34:00 INFO  : 'ps7_post_config' command is executed.
11:34:00 INFO  : Context for processor 'ps7_cortexa9_0' is selected.
11:34:00 INFO  : Processor reset is completed for 'ps7_cortexa9_0'.
11:34:00 INFO  : Context for processor 'ps7_cortexa9_0' is selected.
11:34:00 INFO  : The application 'B:/SVN/cores/customers/zifra/zybo/zybo_foc/arty_z7_20_foc.sdk/fsbl/Debug/fsbl.elf' is downloaded to processor 'ps7_cortexa9_0'.
11:34:00 INFO  : 'configparams force-mem-access 0' command is executed.
11:34:00 INFO  : ----------------XSDB Script----------------
connect -url tcp:127.0.0.1:3121
source B:/SVN/cores/customers/zifra/zybo/zybo_foc/arty_z7_20_foc.sdk/zsys_wrapper_hw_platform_0/ps7_init.tcl
targets -set -nocase -filter {name =~"APU*" && jtag_cable_name =~ "Digilent Arty Z7 210346298153A"} -index 0
loadhw -hw B:/SVN/cores/customers/zifra/zybo/zybo_foc/arty_z7_20_foc.sdk/zsys_wrapper_hw_platform_0/system.hdf -mem-ranges [list {0x40000000 0xbfffffff}]
configparams force-mem-access 1
targets -set -nocase -filter {name =~"APU*" && jtag_cable_name =~ "Digilent Arty Z7 210346298153A"} -index 0
stop
ps7_init
ps7_post_config
targets -set -nocase -filter {name =~ "ARM*#0" && jtag_cable_name =~ "Digilent Arty Z7 210346298153A"} -index 0
rst -processor
targets -set -nocase -filter {name =~ "ARM*#0" && jtag_cable_name =~ "Digilent Arty Z7 210346298153A"} -index 0
dow B:/SVN/cores/customers/zifra/zybo/zybo_foc/arty_z7_20_foc.sdk/fsbl/Debug/fsbl.elf
configparams force-mem-access 0
----------------End of Script----------------

11:34:00 INFO  : Memory regions updated for context APU
11:34:00 INFO  : Context for processor 'ps7_cortexa9_0' is selected.
11:34:00 INFO  : 'con' command is executed.
11:34:00 INFO  : ----------------XSDB Script (After Launch)----------------
targets -set -nocase -filter {name =~ "ARM*#0" && jtag_cable_name =~ "Digilent Arty Z7 210346298153A"} -index 0
con
----------------End of Script----------------

11:34:00 INFO  : Launch script is exported to file 'B:\SVN\cores\customers\zifra\zybo\zybo_foc\arty_z7_20_foc.sdk\.sdk\launch_scripts\xilinx_c-c++_application_(system_debugger)\system_debugger_using_debug_fsbl.elf_on_local.tcl'
11:35:33 INFO  : Invoking Bootgen: bootgen -image uboot.bif -arch zynq -o B:\SVN\cores\customers\zifra\zybo\zybo_foc\arty_z7_20_foc.sdk\uboot\bootimage\BOOT.bin -w on
11:35:35 INFO  : Bootgen command execution is done.
11:36:27 INFO  : Disconnected from the channel tcfchan#4.
11:36:59 INFO  : 'targets -set -filter {jtag_cable_name =~ "Digilent Arty Z7 210346298153A" && level==0} -index 1' command is executed.
11:36:59 INFO  : 'fpga -state' command is executed.
11:36:59 INFO  : Connected to target on host '127.0.0.1' and port '3121'.
11:36:59 INFO  : Jtag cable 'Digilent Arty Z7 210346298153A' is selected.
11:36:59 INFO  : 'jtag frequency' command is executed.
11:36:59 INFO  : Sourcing of 'B:/SVN/cores/customers/zifra/zybo/zybo_foc/arty_z7_20_foc.sdk/zsys_wrapper_hw_platform_0/ps7_init.tcl' is done.
11:36:59 INFO  : Context for 'APU' is selected.
11:37:01 INFO  : Hardware design information is loaded from 'B:/SVN/cores/customers/zifra/zybo/zybo_foc/arty_z7_20_foc.sdk/zsys_wrapper_hw_platform_0/system.hdf'.
11:37:01 INFO  : 'configparams force-mem-access 1' command is executed.
11:37:01 INFO  : Context for 'APU' is selected.
11:37:01 INFO  : 'stop' command is executed.
11:37:01 INFO  : 'ps7_init' command is executed.
11:37:01 INFO  : 'ps7_post_config' command is executed.
11:37:01 INFO  : Context for processor 'ps7_cortexa9_0' is selected.
11:37:01 INFO  : Processor reset is completed for 'ps7_cortexa9_0'.
11:37:01 INFO  : Context for processor 'ps7_cortexa9_0' is selected.
11:37:02 INFO  : The application 'B:/SVN/cores/customers/zifra/zybo/zybo_foc/arty_z7_20_foc.sdk/fsbl/Debug/fsbl.elf' is downloaded to processor 'ps7_cortexa9_0'.
11:37:02 INFO  : 'configparams force-mem-access 0' command is executed.
11:37:02 INFO  : ----------------XSDB Script----------------
connect -url tcp:127.0.0.1:3121
source B:/SVN/cores/customers/zifra/zybo/zybo_foc/arty_z7_20_foc.sdk/zsys_wrapper_hw_platform_0/ps7_init.tcl
targets -set -nocase -filter {name =~"APU*" && jtag_cable_name =~ "Digilent Arty Z7 210346298153A"} -index 0
loadhw -hw B:/SVN/cores/customers/zifra/zybo/zybo_foc/arty_z7_20_foc.sdk/zsys_wrapper_hw_platform_0/system.hdf -mem-ranges [list {0x40000000 0xbfffffff}]
configparams force-mem-access 1
targets -set -nocase -filter {name =~"APU*" && jtag_cable_name =~ "Digilent Arty Z7 210346298153A"} -index 0
stop
ps7_init
ps7_post_config
targets -set -nocase -filter {name =~ "ARM*#0" && jtag_cable_name =~ "Digilent Arty Z7 210346298153A"} -index 0
rst -processor
targets -set -nocase -filter {name =~ "ARM*#0" && jtag_cable_name =~ "Digilent Arty Z7 210346298153A"} -index 0
dow B:/SVN/cores/customers/zifra/zybo/zybo_foc/arty_z7_20_foc.sdk/fsbl/Debug/fsbl.elf
configparams force-mem-access 0
----------------End of Script----------------

11:37:02 INFO  : Memory regions updated for context APU
11:37:02 INFO  : Context for processor 'ps7_cortexa9_0' is selected.
11:37:02 INFO  : 'con' command is executed.
11:37:02 INFO  : ----------------XSDB Script (After Launch)----------------
targets -set -nocase -filter {name =~ "ARM*#0" && jtag_cable_name =~ "Digilent Arty Z7 210346298153A"} -index 0
con
----------------End of Script----------------

11:37:02 INFO  : Launch script is exported to file 'B:\SVN\cores\customers\zifra\zybo\zybo_foc\arty_z7_20_foc.sdk\.sdk\launch_scripts\xilinx_c-c++_application_(system_debugger)\system_debugger_using_debug_fsbl.elf_on_local.tcl'
11:51:38 INFO  : SDK has detected change in the last modified timestamps for source hardware specification file Source:1522921872658,  Project:1522915146188
11:51:38 INFO  : Project zsys_wrapper_hw_platform_0's source hardware specification located at B:/SVN/cores/customers/zifra/zybo/zybo_foc/arty_z7_20_foc.sdk/zsys_wrapper.hdf is now different from the local copy.
		 The local copy will be replaced with the source specification and your workspace will be updated.
11:51:40 INFO  : Copied contents of B:/SVN/cores/customers/zifra/zybo/zybo_foc/arty_z7_20_foc.sdk/zsys_wrapper.hdf into \zsys_wrapper_hw_platform_0\system.hdf.
11:51:46 INFO  : Synchronizing projects in the workspace with the hardware platform specification changes.
11:51:47 INFO  : 
11:51:49 INFO  : 
11:51:50 INFO  : Updating hardware inferred compiler options for fsbl.
11:51:51 INFO  : Updating hardware inferred compiler options for uboot.
11:51:51 INFO  : Clearing existing target manager status.
11:51:51 WARN  : Given IPC port value is invalid. Using default port 2350
11:51:51 WARN  : Given XMD timeout value is invalid. Using default value of 50000
11:51:52 WARN  : Given XMD transaction timeout value is invalid. Using default value of 60000 milli seconds
11:51:52 INFO  : Closing and re-opening the MSS file of ther project fsbl_bsp
11:51:52 INFO  : Closing and re-opening the MSS file of ther project uboot_bsp
11:51:53 INFO  : Workspace synchronized with the new hardware specification file. Cleaning dependent projects...
11:51:56 WARN  : Linker script will not be updated automatically. Users need to update it manually.
11:56:14 INFO  : Invoking Bootgen: bootgen -image uboot.bif -arch zynq -o B:\SVN\cores\customers\zifra\zybo\zybo_foc\arty_z7_20_foc.sdk\uboot\bootimage\BOOT.bin -w on
11:56:15 INFO  : Bootgen command execution is done.
11:57:23 INFO  : Disconnected from the channel tcfchan#5.
11:57:24 INFO  : 'targets -set -filter {jtag_cable_name =~ "Digilent Arty Z7 210346298153A" && level==0} -index 1' command is executed.
11:57:24 INFO  : 'fpga -state' command is executed.
11:57:24 INFO  : Connected to target on host '127.0.0.1' and port '3121'.
11:57:24 INFO  : Jtag cable 'Digilent Arty Z7 210346298153A' is selected.
11:57:24 INFO  : 'jtag frequency' command is executed.
11:57:24 INFO  : Sourcing of 'B:/SVN/cores/customers/zifra/zybo/zybo_foc/arty_z7_20_foc.sdk/zsys_wrapper_hw_platform_0/ps7_init.tcl' is done.
11:57:24 INFO  : Context for 'APU' is selected.
11:57:24 INFO  : Hardware design information is loaded from 'B:/SVN/cores/customers/zifra/zybo/zybo_foc/arty_z7_20_foc.sdk/zsys_wrapper_hw_platform_0/system.hdf'.
11:57:24 INFO  : 'configparams force-mem-access 1' command is executed.
11:57:24 INFO  : Context for 'APU' is selected.
11:57:24 INFO  : 'stop' command is executed.
11:57:24 INFO  : 'ps7_init' command is executed.
11:57:25 INFO  : 'ps7_post_config' command is executed.
11:57:25 INFO  : Context for processor 'ps7_cortexa9_0' is selected.
11:57:25 INFO  : Processor reset is completed for 'ps7_cortexa9_0'.
11:57:25 INFO  : Context for processor 'ps7_cortexa9_0' is selected.
11:57:25 INFO  : The application 'B:/SVN/cores/customers/zifra/zybo/zybo_foc/arty_z7_20_foc.sdk/fsbl/Debug/fsbl.elf' is downloaded to processor 'ps7_cortexa9_0'.
11:57:25 INFO  : 'configparams force-mem-access 0' command is executed.
11:57:25 INFO  : ----------------XSDB Script----------------
connect -url tcp:127.0.0.1:3121
source B:/SVN/cores/customers/zifra/zybo/zybo_foc/arty_z7_20_foc.sdk/zsys_wrapper_hw_platform_0/ps7_init.tcl
targets -set -nocase -filter {name =~"APU*" && jtag_cable_name =~ "Digilent Arty Z7 210346298153A"} -index 0
loadhw -hw B:/SVN/cores/customers/zifra/zybo/zybo_foc/arty_z7_20_foc.sdk/zsys_wrapper_hw_platform_0/system.hdf -mem-ranges [list {0x40000000 0xbfffffff}]
configparams force-mem-access 1
targets -set -nocase -filter {name =~"APU*" && jtag_cable_name =~ "Digilent Arty Z7 210346298153A"} -index 0
stop
ps7_init
ps7_post_config
targets -set -nocase -filter {name =~ "ARM*#0" && jtag_cable_name =~ "Digilent Arty Z7 210346298153A"} -index 0
rst -processor
targets -set -nocase -filter {name =~ "ARM*#0" && jtag_cable_name =~ "Digilent Arty Z7 210346298153A"} -index 0
dow B:/SVN/cores/customers/zifra/zybo/zybo_foc/arty_z7_20_foc.sdk/fsbl/Debug/fsbl.elf
configparams force-mem-access 0
----------------End of Script----------------

11:57:25 INFO  : Memory regions updated for context APU
11:57:25 INFO  : Context for processor 'ps7_cortexa9_0' is selected.
11:57:25 INFO  : 'con' command is executed.
11:57:25 INFO  : ----------------XSDB Script (After Launch)----------------
targets -set -nocase -filter {name =~ "ARM*#0" && jtag_cable_name =~ "Digilent Arty Z7 210346298153A"} -index 0
con
----------------End of Script----------------

11:57:25 INFO  : Launch script is exported to file 'B:\SVN\cores\customers\zifra\zybo\zybo_foc\arty_z7_20_foc.sdk\.sdk\launch_scripts\xilinx_c-c++_application_(system_debugger)\system_debugger_using_debug_fsbl.elf_on_local.tcl'
11:59:10 INFO  : Disconnected from the channel tcfchan#6.
11:59:48 INFO  : Invoking Bootgen: bootgen -image uboot.bif -arch zynq -o B:\SVN\cores\customers\zifra\zybo\zybo_foc\arty_z7_20_foc.sdk\uboot\bootimage\BOOT.bin -w on
11:59:48 INFO  : Overwriting existing bif file B:\SVN\cores\customers\zifra\zybo\zybo_foc\arty_z7_20_foc.sdk\uboot\bootimage\uboot.bif
11:59:49 INFO  : Bootgen command execution is done.
12:01:01 INFO  : 'targets -set -filter {jtag_cable_name =~ "Digilent Arty Z7 210346298153A" && level==0} -index 1' command is executed.
12:01:01 INFO  : 'fpga -state' command is executed.
12:01:01 INFO  : Connected to target on host '127.0.0.1' and port '3121'.
12:01:02 INFO  : Jtag cable 'Digilent Arty Z7 210346298153A' is selected.
12:01:02 INFO  : 'jtag frequency' command is executed.
12:01:02 INFO  : Sourcing of 'B:/SVN/cores/customers/zifra/zybo/zybo_foc/arty_z7_20_foc.sdk/zsys_wrapper_hw_platform_0/ps7_init.tcl' is done.
12:01:02 INFO  : Context for 'APU' is selected.
12:01:02 INFO  : Hardware design information is loaded from 'B:/SVN/cores/customers/zifra/zybo/zybo_foc/arty_z7_20_foc.sdk/zsys_wrapper_hw_platform_0/system.hdf'.
12:01:02 INFO  : 'configparams force-mem-access 1' command is executed.
12:01:02 INFO  : Context for 'APU' is selected.
12:01:02 INFO  : 'stop' command is executed.
12:01:02 INFO  : 'ps7_init' command is executed.
12:01:02 INFO  : 'ps7_post_config' command is executed.
12:01:02 INFO  : Context for processor 'ps7_cortexa9_0' is selected.
12:01:02 INFO  : Processor reset is completed for 'ps7_cortexa9_0'.
12:01:02 INFO  : Context for processor 'ps7_cortexa9_0' is selected.
12:01:02 INFO  : The application 'B:/SVN/cores/customers/zifra/zybo/zybo_foc/arty_z7_20_foc.sdk/uboot/Debug/uboot.elf' is downloaded to processor 'ps7_cortexa9_0'.
12:01:02 INFO  : 'configparams force-mem-access 0' command is executed.
12:01:02 INFO  : ----------------XSDB Script----------------
connect -url tcp:127.0.0.1:3121
source B:/SVN/cores/customers/zifra/zybo/zybo_foc/arty_z7_20_foc.sdk/zsys_wrapper_hw_platform_0/ps7_init.tcl
targets -set -nocase -filter {name =~"APU*" && jtag_cable_name =~ "Digilent Arty Z7 210346298153A"} -index 0
loadhw -hw B:/SVN/cores/customers/zifra/zybo/zybo_foc/arty_z7_20_foc.sdk/zsys_wrapper_hw_platform_0/system.hdf -mem-ranges [list {0x40000000 0xbfffffff}]
configparams force-mem-access 1
targets -set -nocase -filter {name =~"APU*" && jtag_cable_name =~ "Digilent Arty Z7 210346298153A"} -index 0
stop
ps7_init
ps7_post_config
targets -set -nocase -filter {name =~ "ARM*#0" && jtag_cable_name =~ "Digilent Arty Z7 210346298153A"} -index 0
rst -processor
targets -set -nocase -filter {name =~ "ARM*#0" && jtag_cable_name =~ "Digilent Arty Z7 210346298153A"} -index 0
dow B:/SVN/cores/customers/zifra/zybo/zybo_foc/arty_z7_20_foc.sdk/uboot/Debug/uboot.elf
configparams force-mem-access 0
----------------End of Script----------------

12:01:02 INFO  : Memory regions updated for context APU
12:01:02 INFO  : Context for processor 'ps7_cortexa9_0' is selected.
12:01:03 INFO  : 'con' command is executed.
12:01:03 INFO  : ----------------XSDB Script (After Launch)----------------
targets -set -nocase -filter {name =~ "ARM*#0" && jtag_cable_name =~ "Digilent Arty Z7 210346298153A"} -index 0
con
----------------End of Script----------------

12:01:03 INFO  : Launch script is exported to file 'B:\SVN\cores\customers\zifra\zybo\zybo_foc\arty_z7_20_foc.sdk\.sdk\launch_scripts\xilinx_c-c++_application_(system_debugger)\system_debugger_using_debug_uboot.elf_on_local.tcl'
12:01:34 INFO  : Disconnected from the channel tcfchan#7.
12:09:16 INFO  : Invoking Bootgen: bootgen -image uboot.bif -arch zynq -o B:\SVN\cores\customers\zifra\zybo\zybo_foc\arty_z7_20_foc.sdk\uboot\bootimage\BOOT.bin -w on
12:09:16 INFO  : Overwriting existing bif file B:\SVN\cores\customers\zifra\zybo\zybo_foc\arty_z7_20_foc.sdk\uboot\bootimage\uboot.bif
12:09:17 INFO  : Bootgen command execution is done.
12:10:57 INFO  : 'targets -set -filter {jtag_cable_name =~ "Digilent Arty Z7 210346298153A" && level==0} -index 1' command is executed.
12:10:57 INFO  : 'fpga -state' command is executed.
12:10:57 INFO  : Connected to target on host '127.0.0.1' and port '3121'.
12:10:57 INFO  : Jtag cable 'Digilent Arty Z7 210346298153A' is selected.
12:10:57 INFO  : 'jtag frequency' command is executed.
12:10:57 INFO  : Sourcing of 'B:/SVN/cores/customers/zifra/zybo/zybo_foc/arty_z7_20_foc.sdk/zsys_wrapper_hw_platform_0/ps7_init.tcl' is done.
12:10:57 INFO  : Context for 'APU' is selected.
12:10:57 INFO  : Hardware design information is loaded from 'B:/SVN/cores/customers/zifra/zybo/zybo_foc/arty_z7_20_foc.sdk/zsys_wrapper_hw_platform_0/system.hdf'.
12:10:57 INFO  : 'configparams force-mem-access 1' command is executed.
12:10:57 INFO  : Context for 'APU' is selected.
12:10:57 INFO  : 'stop' command is executed.
12:10:58 INFO  : 'ps7_init' command is executed.
12:10:58 INFO  : 'ps7_post_config' command is executed.
12:10:58 INFO  : Context for processor 'ps7_cortexa9_0' is selected.
12:10:58 INFO  : Processor reset is completed for 'ps7_cortexa9_0'.
12:10:58 INFO  : Context for processor 'ps7_cortexa9_0' is selected.
12:10:58 INFO  : The application 'B:/SVN/cores/customers/zifra/zybo/zybo_foc/arty_z7_20_foc.sdk/fsbl/Debug/fsbl.elf' is downloaded to processor 'ps7_cortexa9_0'.
12:10:58 INFO  : 'configparams force-mem-access 0' command is executed.
12:10:58 INFO  : ----------------XSDB Script----------------
connect -url tcp:127.0.0.1:3121
source B:/SVN/cores/customers/zifra/zybo/zybo_foc/arty_z7_20_foc.sdk/zsys_wrapper_hw_platform_0/ps7_init.tcl
targets -set -nocase -filter {name =~"APU*" && jtag_cable_name =~ "Digilent Arty Z7 210346298153A"} -index 0
loadhw -hw B:/SVN/cores/customers/zifra/zybo/zybo_foc/arty_z7_20_foc.sdk/zsys_wrapper_hw_platform_0/system.hdf -mem-ranges [list {0x40000000 0xbfffffff}]
configparams force-mem-access 1
targets -set -nocase -filter {name =~"APU*" && jtag_cable_name =~ "Digilent Arty Z7 210346298153A"} -index 0
stop
ps7_init
ps7_post_config
targets -set -nocase -filter {name =~ "ARM*#0" && jtag_cable_name =~ "Digilent Arty Z7 210346298153A"} -index 0
rst -processor
targets -set -nocase -filter {name =~ "ARM*#0" && jtag_cable_name =~ "Digilent Arty Z7 210346298153A"} -index 0
dow B:/SVN/cores/customers/zifra/zybo/zybo_foc/arty_z7_20_foc.sdk/fsbl/Debug/fsbl.elf
configparams force-mem-access 0
----------------End of Script----------------

12:10:58 INFO  : Memory regions updated for context APU
12:10:58 INFO  : Context for processor 'ps7_cortexa9_0' is selected.
12:10:58 INFO  : 'con' command is executed.
12:10:58 INFO  : ----------------XSDB Script (After Launch)----------------
targets -set -nocase -filter {name =~ "ARM*#0" && jtag_cable_name =~ "Digilent Arty Z7 210346298153A"} -index 0
con
----------------End of Script----------------

12:10:58 INFO  : Launch script is exported to file 'B:\SVN\cores\customers\zifra\zybo\zybo_foc\arty_z7_20_foc.sdk\.sdk\launch_scripts\xilinx_c-c++_application_(system_debugger)\system_debugger_using_debug_fsbl.elf_on_local.tcl'
12:11:33 INFO  : Disconnected from the channel tcfchan#8.
12:11:34 INFO  : 'targets -set -filter {jtag_cable_name =~ "Digilent Arty Z7 210346298153A" && level==0} -index 1' command is executed.
12:11:34 INFO  : 'fpga -state' command is executed.
12:11:34 INFO  : Connected to target on host '127.0.0.1' and port '3121'.
12:11:35 INFO  : Jtag cable 'Digilent Arty Z7 210346298153A' is selected.
12:11:35 INFO  : 'jtag frequency' command is executed.
12:11:35 INFO  : Sourcing of 'B:/SVN/cores/customers/zifra/zybo/zybo_foc/arty_z7_20_foc.sdk/zsys_wrapper_hw_platform_0/ps7_init.tcl' is done.
12:11:35 INFO  : Context for 'APU' is selected.
12:11:35 INFO  : Hardware design information is loaded from 'B:/SVN/cores/customers/zifra/zybo/zybo_foc/arty_z7_20_foc.sdk/zsys_wrapper_hw_platform_0/system.hdf'.
12:11:35 INFO  : 'configparams force-mem-access 1' command is executed.
12:11:35 INFO  : Context for 'APU' is selected.
12:11:35 INFO  : 'stop' command is executed.
12:11:35 INFO  : 'ps7_init' command is executed.
12:11:35 INFO  : 'ps7_post_config' command is executed.
12:11:35 INFO  : Context for processor 'ps7_cortexa9_0' is selected.
12:11:35 INFO  : Processor reset is completed for 'ps7_cortexa9_0'.
12:11:35 INFO  : Context for processor 'ps7_cortexa9_0' is selected.
12:11:35 INFO  : The application 'B:/SVN/cores/customers/zifra/zybo/zybo_foc/arty_z7_20_foc.sdk/fsbl/Debug/fsbl.elf' is downloaded to processor 'ps7_cortexa9_0'.
12:11:35 INFO  : 'configparams force-mem-access 0' command is executed.
12:11:35 INFO  : ----------------XSDB Script----------------
connect -url tcp:127.0.0.1:3121
source B:/SVN/cores/customers/zifra/zybo/zybo_foc/arty_z7_20_foc.sdk/zsys_wrapper_hw_platform_0/ps7_init.tcl
targets -set -nocase -filter {name =~"APU*" && jtag_cable_name =~ "Digilent Arty Z7 210346298153A"} -index 0
loadhw -hw B:/SVN/cores/customers/zifra/zybo/zybo_foc/arty_z7_20_foc.sdk/zsys_wrapper_hw_platform_0/system.hdf -mem-ranges [list {0x40000000 0xbfffffff}]
configparams force-mem-access 1
targets -set -nocase -filter {name =~"APU*" && jtag_cable_name =~ "Digilent Arty Z7 210346298153A"} -index 0
stop
ps7_init
ps7_post_config
targets -set -nocase -filter {name =~ "ARM*#0" && jtag_cable_name =~ "Digilent Arty Z7 210346298153A"} -index 0
rst -processor
targets -set -nocase -filter {name =~ "ARM*#0" && jtag_cable_name =~ "Digilent Arty Z7 210346298153A"} -index 0
dow B:/SVN/cores/customers/zifra/zybo/zybo_foc/arty_z7_20_foc.sdk/fsbl/Debug/fsbl.elf
configparams force-mem-access 0
----------------End of Script----------------

12:11:35 INFO  : Memory regions updated for context APU
12:11:36 INFO  : Context for processor 'ps7_cortexa9_0' is selected.
12:11:36 INFO  : 'con' command is executed.
12:11:36 INFO  : ----------------XSDB Script (After Launch)----------------
targets -set -nocase -filter {name =~ "ARM*#0" && jtag_cable_name =~ "Digilent Arty Z7 210346298153A"} -index 0
con
----------------End of Script----------------

12:11:36 INFO  : Launch script is exported to file 'B:\SVN\cores\customers\zifra\zybo\zybo_foc\arty_z7_20_foc.sdk\.sdk\launch_scripts\xilinx_c-c++_application_(system_debugger)\system_debugger_using_debug_fsbl.elf_on_local.tcl'
12:12:57 INFO  : Disconnected from the channel tcfchan#9.
12:21:36 INFO  : Invoking Bootgen: bootgen -image uboot.bif -arch zynq -o B:\SVN\cores\customers\zifra\zybo\zybo_foc\arty_z7_20_foc.sdk\uboot\bootimage\BOOT.bin -w on
12:21:36 INFO  : Overwriting existing bif file B:\SVN\cores\customers\zifra\zybo\zybo_foc\arty_z7_20_foc.sdk\uboot\bootimage\uboot.bif
12:21:37 INFO  : Bootgen command execution is done.
12:35:30 ERROR : Unexpected error while parsing XMD response ?: com.google.gson.JsonSyntaxException: com.google.gson.stream.MalformedJsonException: invalid number or unquoted string near 
13:20:40 INFO  : Registering command handlers for SDK TCF services
13:20:41 INFO  : Launching XSCT server: xsct.bat -interactive B:\SVN\cores\customers\zifra\zybo\zybo_foc\arty_z7_20_foc.sdk\temp_xsdb_launch_script.tcl
13:20:43 INFO  : XSCT server has started successfully.
13:20:43 INFO  : Successfully done setting XSCT server connection channel  
13:20:43 INFO  : Successfully done setting SDK workspace  
13:20:43 INFO  : Processing command line option -hwspec B:/SVN/cores/customers/zifra/zybo/zybo_foc/arty_z7_20_foc.sdk/zsys_wrapper.hdf.
13:20:43 INFO  : Checking for hwspec changes in the project zsys_wrapper_hw_platform_0.
13:20:46 INFO  : SDK has detected change in the last modified timestamps for source hardware specification file Source:1522926486800,  Project:1522921872658
13:20:46 INFO  : The hardware specification for project 'zsys_wrapper_hw_platform_0' is different from B:/SVN/cores/customers/zifra/zybo/zybo_foc/arty_z7_20_foc.sdk/zsys_wrapper.hdf.
13:20:46 INFO  : Copied contents of B:/SVN/cores/customers/zifra/zybo/zybo_foc/arty_z7_20_foc.sdk/zsys_wrapper.hdf into \zsys_wrapper_hw_platform_0\system.hdf.
13:20:51 INFO  : Synchronizing projects in the workspace with the hardware platform specification changes.
13:20:53 INFO  : 
13:20:55 INFO  : 
13:20:56 INFO  : Updating hardware inferred compiler options for fsbl.
13:20:56 INFO  : Updating hardware inferred compiler options for uboot.
13:20:56 INFO  : Clearing existing target manager status.
13:20:56 WARN  : Given IPC port value is invalid. Using default port 2350
13:20:56 WARN  : Given XMD timeout value is invalid. Using default value of 50000
13:20:57 WARN  : Given XMD transaction timeout value is invalid. Using default value of 60000 milli seconds
13:25:43 INFO  : 'targets -set -filter {jtag_cable_name =~ "Digilent Arty Z7 210346298153A" && level==0} -index 1' command is executed.
13:25:43 INFO  : 'fpga -state' command is executed.
13:25:43 INFO  : Connected to target on host '127.0.0.1' and port '3121'.
13:25:43 INFO  : Jtag cable 'Digilent Arty Z7 210346298153A' is selected.
13:25:43 INFO  : 'jtag frequency' command is executed.
13:25:43 INFO  : Sourcing of 'B:/SVN/cores/customers/zifra/zybo/zybo_foc/arty_z7_20_foc.sdk/zsys_wrapper_hw_platform_0/ps7_init.tcl' is done.
13:25:43 INFO  : Context for 'APU' is selected.
13:25:43 INFO  : Hardware design information is loaded from 'B:/SVN/cores/customers/zifra/zybo/zybo_foc/arty_z7_20_foc.sdk/zsys_wrapper_hw_platform_0/system.hdf'.
13:25:43 INFO  : 'configparams force-mem-access 1' command is executed.
13:25:43 INFO  : Context for 'APU' is selected.
13:25:43 INFO  : 'stop' command is executed.
13:25:44 INFO  : 'ps7_init' command is executed.
13:25:44 INFO  : 'ps7_post_config' command is executed.
13:25:44 INFO  : Context for processor 'ps7_cortexa9_0' is selected.
13:25:44 INFO  : Processor reset is completed for 'ps7_cortexa9_0'.
13:25:44 INFO  : Context for processor 'ps7_cortexa9_0' is selected.
13:25:44 INFO  : The application 'B:/SVN/cores/customers/zifra/zybo/zybo_foc/arty_z7_20_foc.sdk/fsbl/Debug/fsbl.elf' is downloaded to processor 'ps7_cortexa9_0'.
13:25:44 INFO  : 'configparams force-mem-access 0' command is executed.
13:25:44 INFO  : ----------------XSDB Script----------------
connect -url tcp:127.0.0.1:3121
source B:/SVN/cores/customers/zifra/zybo/zybo_foc/arty_z7_20_foc.sdk/zsys_wrapper_hw_platform_0/ps7_init.tcl
targets -set -nocase -filter {name =~"APU*" && jtag_cable_name =~ "Digilent Arty Z7 210346298153A"} -index 0
loadhw -hw B:/SVN/cores/customers/zifra/zybo/zybo_foc/arty_z7_20_foc.sdk/zsys_wrapper_hw_platform_0/system.hdf -mem-ranges [list {0x40000000 0xbfffffff}]
configparams force-mem-access 1
targets -set -nocase -filter {name =~"APU*" && jtag_cable_name =~ "Digilent Arty Z7 210346298153A"} -index 0
stop
ps7_init
ps7_post_config
targets -set -nocase -filter {name =~ "ARM*#0" && jtag_cable_name =~ "Digilent Arty Z7 210346298153A"} -index 0
rst -processor
targets -set -nocase -filter {name =~ "ARM*#0" && jtag_cable_name =~ "Digilent Arty Z7 210346298153A"} -index 0
dow B:/SVN/cores/customers/zifra/zybo/zybo_foc/arty_z7_20_foc.sdk/fsbl/Debug/fsbl.elf
configparams force-mem-access 0
----------------End of Script----------------

13:25:44 INFO  : Memory regions updated for context APU
13:25:44 INFO  : Context for processor 'ps7_cortexa9_0' is selected.
13:25:44 INFO  : 'con' command is executed.
13:25:44 INFO  : ----------------XSDB Script (After Launch)----------------
targets -set -nocase -filter {name =~ "ARM*#0" && jtag_cable_name =~ "Digilent Arty Z7 210346298153A"} -index 0
con
----------------End of Script----------------

13:25:44 INFO  : Launch script is exported to file 'B:\SVN\cores\customers\zifra\zybo\zybo_foc\arty_z7_20_foc.sdk\.sdk\launch_scripts\xilinx_c-c++_application_(system_debugger)\system_debugger_using_debug_fsbl.elf_on_local.tcl'
13:27:07 INFO  : Disconnected from the channel tcfchan#1.
13:27:08 INFO  : 'targets -set -filter {jtag_cable_name =~ "Digilent Arty Z7 210346298153A" && level==0} -index 1' command is executed.
13:27:08 INFO  : 'fpga -state' command is executed.
13:27:08 INFO  : Connected to target on host '127.0.0.1' and port '3121'.
13:27:08 INFO  : Jtag cable 'Digilent Arty Z7 210346298153A' is selected.
13:27:08 INFO  : 'jtag frequency' command is executed.
13:27:08 INFO  : Sourcing of 'B:/SVN/cores/customers/zifra/zybo/zybo_foc/arty_z7_20_foc.sdk/zsys_wrapper_hw_platform_0/ps7_init.tcl' is done.
13:27:08 INFO  : Context for 'APU' is selected.
13:27:11 INFO  : Hardware design information is loaded from 'B:/SVN/cores/customers/zifra/zybo/zybo_foc/arty_z7_20_foc.sdk/zsys_wrapper_hw_platform_0/system.hdf'.
13:27:11 INFO  : 'configparams force-mem-access 1' command is executed.
13:27:11 INFO  : Context for 'APU' is selected.
13:27:11 INFO  : 'stop' command is executed.
13:27:11 INFO  : 'ps7_init' command is executed.
13:27:11 INFO  : 'ps7_post_config' command is executed.
13:27:11 INFO  : Context for processor 'ps7_cortexa9_0' is selected.
13:27:11 INFO  : Processor reset is completed for 'ps7_cortexa9_0'.
13:27:11 INFO  : Context for processor 'ps7_cortexa9_0' is selected.
13:27:12 INFO  : The application 'B:/SVN/cores/customers/zifra/zybo/zybo_foc/arty_z7_20_foc.sdk/fsbl/Debug/fsbl.elf' is downloaded to processor 'ps7_cortexa9_0'.
13:27:12 INFO  : 'configparams force-mem-access 0' command is executed.
13:27:12 INFO  : ----------------XSDB Script----------------
connect -url tcp:127.0.0.1:3121
source B:/SVN/cores/customers/zifra/zybo/zybo_foc/arty_z7_20_foc.sdk/zsys_wrapper_hw_platform_0/ps7_init.tcl
targets -set -nocase -filter {name =~"APU*" && jtag_cable_name =~ "Digilent Arty Z7 210346298153A"} -index 0
loadhw -hw B:/SVN/cores/customers/zifra/zybo/zybo_foc/arty_z7_20_foc.sdk/zsys_wrapper_hw_platform_0/system.hdf -mem-ranges [list {0x40000000 0xbfffffff}]
configparams force-mem-access 1
targets -set -nocase -filter {name =~"APU*" && jtag_cable_name =~ "Digilent Arty Z7 210346298153A"} -index 0
stop
ps7_init
ps7_post_config
targets -set -nocase -filter {name =~ "ARM*#0" && jtag_cable_name =~ "Digilent Arty Z7 210346298153A"} -index 0
rst -processor
targets -set -nocase -filter {name =~ "ARM*#0" && jtag_cable_name =~ "Digilent Arty Z7 210346298153A"} -index 0
dow B:/SVN/cores/customers/zifra/zybo/zybo_foc/arty_z7_20_foc.sdk/fsbl/Debug/fsbl.elf
configparams force-mem-access 0
----------------End of Script----------------

13:27:12 INFO  : Memory regions updated for context APU
13:27:12 INFO  : Context for processor 'ps7_cortexa9_0' is selected.
13:27:12 INFO  : 'con' command is executed.
13:27:12 INFO  : ----------------XSDB Script (After Launch)----------------
targets -set -nocase -filter {name =~ "ARM*#0" && jtag_cable_name =~ "Digilent Arty Z7 210346298153A"} -index 0
con
----------------End of Script----------------

13:27:12 INFO  : Launch script is exported to file 'B:\SVN\cores\customers\zifra\zybo\zybo_foc\arty_z7_20_foc.sdk\.sdk\launch_scripts\xilinx_c-c++_application_(system_debugger)\system_debugger_using_debug_fsbl.elf_on_local.tcl'
13:28:29 INFO  : Disconnected from the channel tcfchan#2.
13:28:40 INFO  : 'targets -set -filter {jtag_cable_name =~ "Digilent Arty Z7 210346298153A" && level==0} -index 1' command is executed.
13:28:40 INFO  : 'fpga -state' command is executed.
13:28:40 INFO  : Connected to target on host '127.0.0.1' and port '3121'.
13:28:40 INFO  : Jtag cable 'Digilent Arty Z7 210346298153A' is selected.
13:28:40 INFO  : 'jtag frequency' command is executed.
13:28:40 INFO  : Sourcing of 'B:/SVN/cores/customers/zifra/zybo/zybo_foc/arty_z7_20_foc.sdk/zsys_wrapper_hw_platform_0/ps7_init.tcl' is done.
13:28:41 INFO  : Context for 'APU' is selected.
13:28:41 INFO  : Hardware design information is loaded from 'B:/SVN/cores/customers/zifra/zybo/zybo_foc/arty_z7_20_foc.sdk/zsys_wrapper_hw_platform_0/system.hdf'.
13:28:41 INFO  : 'configparams force-mem-access 1' command is executed.
13:28:41 INFO  : Context for 'APU' is selected.
13:28:41 INFO  : 'stop' command is executed.
13:28:43 ERROR : Memory read error at 0xE0000034. AP transaction timeout
13:28:43 INFO  : ----------------XSDB Script----------------
connect -url tcp:127.0.0.1:3121
source B:/SVN/cores/customers/zifra/zybo/zybo_foc/arty_z7_20_foc.sdk/zsys_wrapper_hw_platform_0/ps7_init.tcl
targets -set -nocase -filter {name =~"APU*" && jtag_cable_name =~ "Digilent Arty Z7 210346298153A"} -index 0
loadhw -hw B:/SVN/cores/customers/zifra/zybo/zybo_foc/arty_z7_20_foc.sdk/zsys_wrapper_hw_platform_0/system.hdf -mem-ranges [list {0x40000000 0xbfffffff}]
configparams force-mem-access 1
targets -set -nocase -filter {name =~"APU*" && jtag_cable_name =~ "Digilent Arty Z7 210346298153A"} -index 0
stop
ps7_init
----------------End of Script----------------

13:30:21 INFO  : Invoking Bootgen: bootgen -image uboot.bif -arch zynq -o B:\SVN\cores\customers\zifra\zybo\zybo_foc\arty_z7_20_foc.sdk\uboot\bootimage\BOOT.bin -w on
13:30:22 INFO  : Bootgen command execution is done.
16:31:25 INFO  : SDK has detected change in the last modified timestamps for source hardware specification file Source:1522935782422,  Project:1522926486800
16:31:25 INFO  : Project zsys_wrapper_hw_platform_0's source hardware specification located at B:/SVN/cores/customers/zifra/zybo/zybo_foc/arty_z7_20_foc.sdk/zsys_wrapper.hdf is now different from the local copy.
		 The local copy will be replaced with the source specification and your workspace will be updated.
16:31:25 INFO  : Copied contents of B:/SVN/cores/customers/zifra/zybo/zybo_foc/arty_z7_20_foc.sdk/zsys_wrapper.hdf into \zsys_wrapper_hw_platform_0\system.hdf.
16:31:32 INFO  : Synchronizing projects in the workspace with the hardware platform specification changes.
16:31:34 INFO  : 
16:31:36 INFO  : 
16:31:37 INFO  : Updating hardware inferred compiler options for fsbl.
16:31:37 INFO  : Updating hardware inferred compiler options for uboot.
16:31:37 INFO  : Clearing existing target manager status.
16:32:56 INFO  : Invoking Bootgen: bootgen -image uboot.bif -arch zynq -o B:\SVN\cores\customers\zifra\zybo\zybo_foc\arty_z7_20_foc.sdk\uboot\bootimage\BOOT.bin -w on
16:32:57 INFO  : Bootgen command execution is done.
16:36:11 INFO  : Invoking Bootgen: bootgen -image uboot.bif -arch zynq -o B:\SVN\cores\customers\zifra\zybo\zybo_foc\arty_z7_20_foc.sdk\uboot\bootimage\BOOT.bin -w on
16:36:12 INFO  : Bootgen command execution is done.
17:00:08 ERROR : Unexpected error while parsing XMD response ?: com.google.gson.JsonSyntaxException: com.google.gson.stream.MalformedJsonException: invalid number or unquoted string near 
17:47:15 INFO  : Launching XSCT server: xsct.bat -interactive B:\SVN\cores\customers\zifra\zybo\zybo_foc\arty_z7_20_foc.sdk\temp_xsdb_launch_script.tcl
17:47:17 INFO  : XSCT server has started successfully.
17:47:17 INFO  : Successfully done setting XSCT server connection channel  
17:47:18 INFO  : Successfully done setting SDK workspace  
17:47:23 INFO  : Registering command handlers for SDK TCF services
17:47:23 INFO  : Processing command line option -hwspec B:/SVN/cores/customers/zifra/zybo/zybo_foc/arty_z7_20_foc.sdk/zsys_wrapper.hdf.
17:47:24 INFO  : Checking for hwspec changes in the project zsys_wrapper_hw_platform_0.
17:47:24 INFO  : SDK has detected change in the last modified timestamps for source hardware specification file Source:1522941433579,  Project:1522935782422
17:47:24 INFO  : The hardware specification for project 'zsys_wrapper_hw_platform_0' is different from B:/SVN/cores/customers/zifra/zybo/zybo_foc/arty_z7_20_foc.sdk/zsys_wrapper.hdf.
17:47:43 INFO  : Copied contents of B:/SVN/cores/customers/zifra/zybo/zybo_foc/arty_z7_20_foc.sdk/zsys_wrapper.hdf into \zsys_wrapper_hw_platform_0\system.hdf.
17:47:49 INFO  : Synchronizing projects in the workspace with the hardware platform specification changes.
17:47:51 INFO  : 
17:47:53 INFO  : 
17:47:54 INFO  : Updating hardware inferred compiler options for fsbl.
17:47:54 INFO  : Updating hardware inferred compiler options for uboot.
17:47:54 INFO  : Clearing existing target manager status.
17:47:54 WARN  : Given IPC port value is invalid. Using default port 2350
17:47:54 WARN  : Given XMD timeout value is invalid. Using default value of 50000
17:47:55 WARN  : Given XMD transaction timeout value is invalid. Using default value of 60000 milli seconds
17:47:56 INFO  : Closing and re-opening the MSS file of ther project fsbl_bsp
17:47:56 INFO  : Closing and re-opening the MSS file of ther project uboot_bsp
17:47:57 INFO  : Workspace synchronized with the new hardware specification file. Cleaning dependent projects...
17:47:59 WARN  : Linker script will not be updated automatically. Users need to update it manually.
17:48:52 INFO  : Invoking Bootgen: bootgen -image uboot.bif -arch zynq -o B:\SVN\cores\customers\zifra\zybo\zybo_foc\arty_z7_20_foc.sdk\uboot\bootimage\BOOT.bin -w on
17:48:53 INFO  : Bootgen command execution is done.
18:35:08 ERROR : Unexpected error while parsing XMD response ?: com.google.gson.JsonSyntaxException: com.google.gson.stream.MalformedJsonException: invalid number or unquoted string near 
18:36:08 INFO  : Launching XSCT server: xsct.bat -interactive B:\SVN\cores\customers\zifra\zybo\zybo_foc\arty_z7_20_foc.sdk\temp_xsdb_launch_script.tcl
18:36:10 INFO  : XSCT server has started successfully.
18:36:10 INFO  : Successfully done setting XSCT server connection channel  
18:36:10 INFO  : Successfully done setting SDK workspace  
18:36:16 INFO  : Registering command handlers for SDK TCF services
18:36:16 INFO  : Processing command line option -hwspec B:/SVN/cores/customers/zifra/zybo/zybo_foc/arty_z7_20_foc.sdk/zsys_wrapper.hdf.
18:36:16 INFO  : Checking for hwspec changes in the project zsys_wrapper_hw_platform_0.
18:36:16 INFO  : SDK has detected change in the last modified timestamps for source hardware specification file Source:1522945712922,  Project:1522941433579
18:36:16 INFO  : The hardware specification for project 'zsys_wrapper_hw_platform_0' is different from B:/SVN/cores/customers/zifra/zybo/zybo_foc/arty_z7_20_foc.sdk/zsys_wrapper.hdf.
18:36:17 INFO  : Copied contents of B:/SVN/cores/customers/zifra/zybo/zybo_foc/arty_z7_20_foc.sdk/zsys_wrapper.hdf into \zsys_wrapper_hw_platform_0\system.hdf.
18:36:25 INFO  : Synchronizing projects in the workspace with the hardware platform specification changes.
18:36:26 INFO  : 
18:36:28 INFO  : 
18:36:29 INFO  : Updating hardware inferred compiler options for fsbl.
18:36:30 INFO  : Updating hardware inferred compiler options for uboot.
18:36:30 INFO  : Clearing existing target manager status.
18:36:30 WARN  : Given IPC port value is invalid. Using default port 2350
18:36:30 WARN  : Given XMD timeout value is invalid. Using default value of 50000
18:36:31 WARN  : Given XMD transaction timeout value is invalid. Using default value of 60000 milli seconds
18:38:10 INFO  : Invoking Bootgen: bootgen -image uboot.bif -arch zynq -o B:\SVN\cores\customers\zifra\zybo\zybo_foc\arty_z7_20_foc.sdk\uboot\bootimage\BOOT.bin -w on
18:38:11 INFO  : Bootgen command execution is done.
18:39:04 INFO  : Invoking Bootgen: bootgen -image uboot.bif -arch zynq -o B:\SVN\cores\customers\zifra\zybo\zybo_foc\arty_z7_20_foc.sdk\uboot\bootimage\BOOT.bin -w on
18:39:05 INFO  : Bootgen command execution is done.
18:40:42 ERROR : Unexpected error while parsing XMD response ?: com.google.gson.JsonSyntaxException: com.google.gson.stream.MalformedJsonException: invalid number or unquoted string near 
09:07:28 INFO  : Launching XSCT server: xsct.bat -interactive B:\SVN\cores\customers\zifra\zybo\zybo_foc\arty_z7_20_foc.sdk\temp_xsdb_launch_script.tcl
09:07:30 INFO  : XSCT server has started successfully.
09:07:31 INFO  : Successfully done setting XSCT server connection channel  
09:07:31 INFO  : Successfully done setting SDK workspace  
09:07:37 INFO  : Registering command handlers for SDK TCF services
09:07:37 INFO  : Processing command line option -hwspec B:/SVN/cores/customers/zifra/zybo/zybo_foc/arty_z7_20_foc.sdk/zsys_wrapper.hdf.
09:07:37 INFO  : Checking for hwspec changes in the project zsys_wrapper_hw_platform_0.
09:07:37 INFO  : SDK has detected change in the last modified timestamps for source hardware specification file Source:1523513274435,  Project:1522945712922
09:07:37 INFO  : The hardware specification for project 'zsys_wrapper_hw_platform_0' is different from B:/SVN/cores/customers/zifra/zybo/zybo_foc/arty_z7_20_foc.sdk/zsys_wrapper.hdf.
09:07:56 INFO  : Copied contents of B:/SVN/cores/customers/zifra/zybo/zybo_foc/arty_z7_20_foc.sdk/zsys_wrapper.hdf into \zsys_wrapper_hw_platform_0\system.hdf.
09:08:02 INFO  : Synchronizing projects in the workspace with the hardware platform specification changes.
09:08:04 INFO  : 
09:08:06 INFO  : 
09:08:06 INFO  : Updating hardware inferred compiler options for fsbl.
09:08:07 INFO  : Updating hardware inferred compiler options for uboot.
09:08:07 INFO  : Clearing existing target manager status.
09:08:07 WARN  : Given IPC port value is invalid. Using default port 2350
09:08:07 WARN  : Given XMD timeout value is invalid. Using default value of 50000
09:08:08 WARN  : Given XMD transaction timeout value is invalid. Using default value of 60000 milli seconds
09:10:21 INFO  : Refreshed build settings on project xilffs
09:10:50 INFO  : Example project xilffs_bsp_xilffs_polled_example_1 has been created successfully.
09:11:59 INFO  : 'targets -set -filter {jtag_cable_name =~ "Digilent Arty Z7 210346298153A" && level==0} -index 1' command is executed.
09:11:59 INFO  : 'fpga -state' command is executed.
09:11:59 INFO  : Connected to target on host '127.0.0.1' and port '3121'.
09:11:59 INFO  : Jtag cable 'Digilent Arty Z7 210346298153A' is selected.
09:11:59 INFO  : 'jtag frequency' command is executed.
09:11:59 INFO  : Sourcing of 'B:/SVN/cores/customers/zifra/zybo/zybo_foc/arty_z7_20_foc.sdk/zsys_wrapper_hw_platform_0/ps7_init.tcl' is done.
09:12:00 INFO  : Context for 'APU' is selected.
09:12:00 INFO  : Hardware design information is loaded from 'B:/SVN/cores/customers/zifra/zybo/zybo_foc/arty_z7_20_foc.sdk/zsys_wrapper_hw_platform_0/system.hdf'.
09:12:00 INFO  : 'configparams force-mem-access 1' command is executed.
09:12:00 INFO  : Context for 'APU' is selected.
09:12:00 INFO  : 'stop' command is executed.
09:12:00 INFO  : 'ps7_init' command is executed.
09:12:00 INFO  : 'ps7_post_config' command is executed.
09:12:00 INFO  : Context for processor 'ps7_cortexa9_0' is selected.
09:12:00 INFO  : Processor reset is completed for 'ps7_cortexa9_0'.
09:12:00 INFO  : Context for processor 'ps7_cortexa9_0' is selected.
09:12:00 INFO  : The application 'B:/SVN/cores/customers/zifra/zybo/zybo_foc/arty_z7_20_foc.sdk/xilffs_bsp_xilffs_polled_example_1/Debug/xilffs_bsp_xilffs_polled_example_1.elf' is downloaded to processor 'ps7_cortexa9_0'.
09:12:00 INFO  : 'configparams force-mem-access 0' command is executed.
09:12:00 INFO  : ----------------XSDB Script----------------
connect -url tcp:127.0.0.1:3121
source B:/SVN/cores/customers/zifra/zybo/zybo_foc/arty_z7_20_foc.sdk/zsys_wrapper_hw_platform_0/ps7_init.tcl
targets -set -nocase -filter {name =~"APU*" && jtag_cable_name =~ "Digilent Arty Z7 210346298153A"} -index 0
loadhw -hw B:/SVN/cores/customers/zifra/zybo/zybo_foc/arty_z7_20_foc.sdk/zsys_wrapper_hw_platform_0/system.hdf -mem-ranges [list {0x40000000 0xbfffffff}]
configparams force-mem-access 1
targets -set -nocase -filter {name =~"APU*" && jtag_cable_name =~ "Digilent Arty Z7 210346298153A"} -index 0
stop
ps7_init
ps7_post_config
targets -set -nocase -filter {name =~ "ARM*#0" && jtag_cable_name =~ "Digilent Arty Z7 210346298153A"} -index 0
rst -processor
targets -set -nocase -filter {name =~ "ARM*#0" && jtag_cable_name =~ "Digilent Arty Z7 210346298153A"} -index 0
dow B:/SVN/cores/customers/zifra/zybo/zybo_foc/arty_z7_20_foc.sdk/xilffs_bsp_xilffs_polled_example_1/Debug/xilffs_bsp_xilffs_polled_example_1.elf
configparams force-mem-access 0
----------------End of Script----------------

09:12:00 INFO  : Memory regions updated for context APU
09:12:01 INFO  : Context for processor 'ps7_cortexa9_0' is selected.
09:12:01 INFO  : 'con' command is executed.
09:12:01 INFO  : ----------------XSDB Script (After Launch)----------------
targets -set -nocase -filter {name =~ "ARM*#0" && jtag_cable_name =~ "Digilent Arty Z7 210346298153A"} -index 0
con
----------------End of Script----------------

09:12:01 INFO  : Launch script is exported to file 'B:\SVN\cores\customers\zifra\zybo\zybo_foc\arty_z7_20_foc.sdk\.sdk\launch_scripts\xilinx_c-c++_application_(system_debugger)\system_debugger_using_debug_xilffs_bsp_xilffs_polled_example_1.elf_on_local.tcl'
09:13:47 INFO  : Disconnected from the channel tcfchan#1.
09:13:48 INFO  : 'targets -set -filter {jtag_cable_name =~ "Digilent Arty Z7 210346298153A" && level==0} -index 1' command is executed.
09:13:49 INFO  : 'fpga -state' command is executed.
09:13:49 INFO  : Connected to target on host '127.0.0.1' and port '3121'.
09:13:49 INFO  : Jtag cable 'Digilent Arty Z7 210346298153A' is selected.
09:13:49 INFO  : 'jtag frequency' command is executed.
09:13:49 INFO  : Sourcing of 'B:/SVN/cores/customers/zifra/zybo/zybo_foc/arty_z7_20_foc.sdk/zsys_wrapper_hw_platform_0/ps7_init.tcl' is done.
09:13:49 INFO  : Context for 'APU' is selected.
09:13:51 INFO  : Hardware design information is loaded from 'B:/SVN/cores/customers/zifra/zybo/zybo_foc/arty_z7_20_foc.sdk/zsys_wrapper_hw_platform_0/system.hdf'.
09:13:51 INFO  : 'configparams force-mem-access 1' command is executed.
09:13:51 INFO  : Context for 'APU' is selected.
09:13:51 INFO  : 'stop' command is executed.
09:13:52 INFO  : 'ps7_init' command is executed.
09:13:52 INFO  : 'ps7_post_config' command is executed.
09:13:52 INFO  : Context for processor 'ps7_cortexa9_0' is selected.
09:13:52 INFO  : Processor reset is completed for 'ps7_cortexa9_0'.
09:13:52 INFO  : Context for processor 'ps7_cortexa9_0' is selected.
09:13:52 INFO  : The application 'B:/SVN/cores/customers/zifra/zybo/zybo_foc/arty_z7_20_foc.sdk/xilffs_bsp_xilffs_polled_example_1/Debug/xilffs_bsp_xilffs_polled_example_1.elf' is downloaded to processor 'ps7_cortexa9_0'.
09:13:52 INFO  : 'configparams force-mem-access 0' command is executed.
09:13:52 INFO  : ----------------XSDB Script----------------
connect -url tcp:127.0.0.1:3121
source B:/SVN/cores/customers/zifra/zybo/zybo_foc/arty_z7_20_foc.sdk/zsys_wrapper_hw_platform_0/ps7_init.tcl
targets -set -nocase -filter {name =~"APU*" && jtag_cable_name =~ "Digilent Arty Z7 210346298153A"} -index 0
loadhw -hw B:/SVN/cores/customers/zifra/zybo/zybo_foc/arty_z7_20_foc.sdk/zsys_wrapper_hw_platform_0/system.hdf -mem-ranges [list {0x40000000 0xbfffffff}]
configparams force-mem-access 1
targets -set -nocase -filter {name =~"APU*" && jtag_cable_name =~ "Digilent Arty Z7 210346298153A"} -index 0
stop
ps7_init
ps7_post_config
targets -set -nocase -filter {name =~ "ARM*#0" && jtag_cable_name =~ "Digilent Arty Z7 210346298153A"} -index 0
rst -processor
targets -set -nocase -filter {name =~ "ARM*#0" && jtag_cable_name =~ "Digilent Arty Z7 210346298153A"} -index 0
dow B:/SVN/cores/customers/zifra/zybo/zybo_foc/arty_z7_20_foc.sdk/xilffs_bsp_xilffs_polled_example_1/Debug/xilffs_bsp_xilffs_polled_example_1.elf
configparams force-mem-access 0
----------------End of Script----------------

09:13:52 INFO  : Memory regions updated for context APU
09:13:52 INFO  : Context for processor 'ps7_cortexa9_0' is selected.
09:13:52 INFO  : 'con' command is executed.
09:13:52 INFO  : ----------------XSDB Script (After Launch)----------------
targets -set -nocase -filter {name =~ "ARM*#0" && jtag_cable_name =~ "Digilent Arty Z7 210346298153A"} -index 0
con
----------------End of Script----------------

09:13:52 INFO  : Launch script is exported to file 'B:\SVN\cores\customers\zifra\zybo\zybo_foc\arty_z7_20_foc.sdk\.sdk\launch_scripts\xilinx_c-c++_application_(system_debugger)\system_debugger_using_debug_xilffs_bsp_xilffs_polled_example_1.elf_on_local.tcl'
09:14:43 INFO  : Disconnected from the channel tcfchan#2.
09:14:44 INFO  : 'targets -set -filter {jtag_cable_name =~ "Digilent Arty Z7 210346298153A" && level==0} -index 1' command is executed.
09:14:44 INFO  : 'fpga -state' command is executed.
09:14:44 INFO  : Connected to target on host '127.0.0.1' and port '3121'.
09:14:44 INFO  : Jtag cable 'Digilent Arty Z7 210346298153A' is selected.
09:14:44 INFO  : 'jtag frequency' command is executed.
09:14:44 INFO  : Sourcing of 'B:/SVN/cores/customers/zifra/zybo/zybo_foc/arty_z7_20_foc.sdk/zsys_wrapper_hw_platform_0/ps7_init.tcl' is done.
09:14:44 INFO  : Context for 'APU' is selected.
09:14:44 INFO  : Hardware design information is loaded from 'B:/SVN/cores/customers/zifra/zybo/zybo_foc/arty_z7_20_foc.sdk/zsys_wrapper_hw_platform_0/system.hdf'.
09:14:44 INFO  : 'configparams force-mem-access 1' command is executed.
09:14:44 INFO  : Context for 'APU' is selected.
09:14:44 INFO  : 'stop' command is executed.
09:14:45 INFO  : 'ps7_init' command is executed.
09:14:45 INFO  : 'ps7_post_config' command is executed.
09:14:45 INFO  : Context for processor 'ps7_cortexa9_0' is selected.
09:14:45 INFO  : Processor reset is completed for 'ps7_cortexa9_0'.
09:14:45 INFO  : Context for processor 'ps7_cortexa9_0' is selected.
09:14:45 INFO  : The application 'B:/SVN/cores/customers/zifra/zybo/zybo_foc/arty_z7_20_foc.sdk/xilffs_bsp_xilffs_polled_example_1/Debug/xilffs_bsp_xilffs_polled_example_1.elf' is downloaded to processor 'ps7_cortexa9_0'.
09:14:45 INFO  : 'configparams force-mem-access 0' command is executed.
09:14:45 INFO  : ----------------XSDB Script----------------
connect -url tcp:127.0.0.1:3121
source B:/SVN/cores/customers/zifra/zybo/zybo_foc/arty_z7_20_foc.sdk/zsys_wrapper_hw_platform_0/ps7_init.tcl
targets -set -nocase -filter {name =~"APU*" && jtag_cable_name =~ "Digilent Arty Z7 210346298153A"} -index 0
loadhw -hw B:/SVN/cores/customers/zifra/zybo/zybo_foc/arty_z7_20_foc.sdk/zsys_wrapper_hw_platform_0/system.hdf -mem-ranges [list {0x40000000 0xbfffffff}]
configparams force-mem-access 1
targets -set -nocase -filter {name =~"APU*" && jtag_cable_name =~ "Digilent Arty Z7 210346298153A"} -index 0
stop
ps7_init
ps7_post_config
targets -set -nocase -filter {name =~ "ARM*#0" && jtag_cable_name =~ "Digilent Arty Z7 210346298153A"} -index 0
rst -processor
targets -set -nocase -filter {name =~ "ARM*#0" && jtag_cable_name =~ "Digilent Arty Z7 210346298153A"} -index 0
dow B:/SVN/cores/customers/zifra/zybo/zybo_foc/arty_z7_20_foc.sdk/xilffs_bsp_xilffs_polled_example_1/Debug/xilffs_bsp_xilffs_polled_example_1.elf
configparams force-mem-access 0
----------------End of Script----------------

09:14:45 INFO  : Memory regions updated for context APU
09:14:45 INFO  : Context for processor 'ps7_cortexa9_0' is selected.
09:14:45 INFO  : 'con' command is executed.
09:14:45 INFO  : ----------------XSDB Script (After Launch)----------------
targets -set -nocase -filter {name =~ "ARM*#0" && jtag_cable_name =~ "Digilent Arty Z7 210346298153A"} -index 0
con
----------------End of Script----------------

09:14:45 INFO  : Launch script is exported to file 'B:\SVN\cores\customers\zifra\zybo\zybo_foc\arty_z7_20_foc.sdk\.sdk\launch_scripts\xilinx_c-c++_application_(system_debugger)\system_debugger_using_debug_xilffs_bsp_xilffs_polled_example_1.elf_on_local.tcl'
09:17:17 INFO  : Disconnected from the channel tcfchan#3.
09:17:18 INFO  : 'targets -set -filter {jtag_cable_name =~ "Digilent Arty Z7 210346298153A" && level==0} -index 1' command is executed.
09:17:18 INFO  : 'fpga -state' command is executed.
09:17:18 INFO  : Connected to target on host '127.0.0.1' and port '3121'.
09:17:18 INFO  : Jtag cable 'Digilent Arty Z7 210346298153A' is selected.
09:17:18 INFO  : 'jtag frequency' command is executed.
09:17:18 INFO  : Sourcing of 'B:/SVN/cores/customers/zifra/zybo/zybo_foc/arty_z7_20_foc.sdk/zsys_wrapper_hw_platform_0/ps7_init.tcl' is done.
09:17:18 INFO  : Context for 'APU' is selected.
09:17:18 INFO  : Hardware design information is loaded from 'B:/SVN/cores/customers/zifra/zybo/zybo_foc/arty_z7_20_foc.sdk/zsys_wrapper_hw_platform_0/system.hdf'.
09:17:18 INFO  : 'configparams force-mem-access 1' command is executed.
09:17:18 INFO  : Context for 'APU' is selected.
09:17:18 INFO  : 'stop' command is executed.
09:17:19 INFO  : 'ps7_init' command is executed.
09:17:19 INFO  : 'ps7_post_config' command is executed.
09:17:19 INFO  : Context for processor 'ps7_cortexa9_0' is selected.
09:17:19 INFO  : Processor reset is completed for 'ps7_cortexa9_0'.
09:17:19 INFO  : Context for processor 'ps7_cortexa9_0' is selected.
09:17:19 INFO  : The application 'B:/SVN/cores/customers/zifra/zybo/zybo_foc/arty_z7_20_foc.sdk/xilffs_bsp_xilffs_polled_example_1/Debug/xilffs_bsp_xilffs_polled_example_1.elf' is downloaded to processor 'ps7_cortexa9_0'.
09:17:19 INFO  : 'configparams force-mem-access 0' command is executed.
09:17:19 INFO  : ----------------XSDB Script----------------
connect -url tcp:127.0.0.1:3121
source B:/SVN/cores/customers/zifra/zybo/zybo_foc/arty_z7_20_foc.sdk/zsys_wrapper_hw_platform_0/ps7_init.tcl
targets -set -nocase -filter {name =~"APU*" && jtag_cable_name =~ "Digilent Arty Z7 210346298153A"} -index 0
loadhw -hw B:/SVN/cores/customers/zifra/zybo/zybo_foc/arty_z7_20_foc.sdk/zsys_wrapper_hw_platform_0/system.hdf -mem-ranges [list {0x40000000 0xbfffffff}]
configparams force-mem-access 1
targets -set -nocase -filter {name =~"APU*" && jtag_cable_name =~ "Digilent Arty Z7 210346298153A"} -index 0
stop
ps7_init
ps7_post_config
targets -set -nocase -filter {name =~ "ARM*#0" && jtag_cable_name =~ "Digilent Arty Z7 210346298153A"} -index 0
rst -processor
targets -set -nocase -filter {name =~ "ARM*#0" && jtag_cable_name =~ "Digilent Arty Z7 210346298153A"} -index 0
dow B:/SVN/cores/customers/zifra/zybo/zybo_foc/arty_z7_20_foc.sdk/xilffs_bsp_xilffs_polled_example_1/Debug/xilffs_bsp_xilffs_polled_example_1.elf
configparams force-mem-access 0
----------------End of Script----------------

09:17:19 INFO  : Memory regions updated for context APU
09:17:19 INFO  : Context for processor 'ps7_cortexa9_0' is selected.
09:17:19 INFO  : 'con' command is executed.
09:17:19 INFO  : ----------------XSDB Script (After Launch)----------------
targets -set -nocase -filter {name =~ "ARM*#0" && jtag_cable_name =~ "Digilent Arty Z7 210346298153A"} -index 0
con
----------------End of Script----------------

09:17:19 INFO  : Launch script is exported to file 'B:\SVN\cores\customers\zifra\zybo\zybo_foc\arty_z7_20_foc.sdk\.sdk\launch_scripts\xilinx_c-c++_application_(system_debugger)\system_debugger_using_debug_xilffs_bsp_xilffs_polled_example_1.elf_on_local.tcl'
09:19:13 INFO  : Disconnected from the channel tcfchan#4.
09:19:14 INFO  : 'targets -set -filter {jtag_cable_name =~ "Digilent Arty Z7 210346298153A" && level==0} -index 1' command is executed.
09:19:14 INFO  : 'fpga -state' command is executed.
09:19:14 INFO  : Connected to target on host '127.0.0.1' and port '3121'.
09:19:15 INFO  : Jtag cable 'Digilent Arty Z7 210346298153A' is selected.
09:19:15 INFO  : 'jtag frequency' command is executed.
09:19:15 INFO  : Sourcing of 'B:/SVN/cores/customers/zifra/zybo/zybo_foc/arty_z7_20_foc.sdk/zsys_wrapper_hw_platform_0/ps7_init.tcl' is done.
09:19:15 INFO  : Context for 'APU' is selected.
09:19:15 INFO  : Hardware design information is loaded from 'B:/SVN/cores/customers/zifra/zybo/zybo_foc/arty_z7_20_foc.sdk/zsys_wrapper_hw_platform_0/system.hdf'.
09:19:15 INFO  : 'configparams force-mem-access 1' command is executed.
09:19:15 INFO  : Context for 'APU' is selected.
09:19:15 INFO  : 'stop' command is executed.
09:19:15 INFO  : 'ps7_init' command is executed.
09:19:15 INFO  : 'ps7_post_config' command is executed.
09:19:15 INFO  : Context for processor 'ps7_cortexa9_0' is selected.
09:19:15 INFO  : Processor reset is completed for 'ps7_cortexa9_0'.
09:19:15 INFO  : Context for processor 'ps7_cortexa9_0' is selected.
09:19:15 INFO  : The application 'B:/SVN/cores/customers/zifra/zybo/zybo_foc/arty_z7_20_foc.sdk/xilffs_bsp_xilffs_polled_example_1/Debug/xilffs_bsp_xilffs_polled_example_1.elf' is downloaded to processor 'ps7_cortexa9_0'.
09:19:15 INFO  : 'configparams force-mem-access 0' command is executed.
09:19:15 INFO  : ----------------XSDB Script----------------
connect -url tcp:127.0.0.1:3121
source B:/SVN/cores/customers/zifra/zybo/zybo_foc/arty_z7_20_foc.sdk/zsys_wrapper_hw_platform_0/ps7_init.tcl
targets -set -nocase -filter {name =~"APU*" && jtag_cable_name =~ "Digilent Arty Z7 210346298153A"} -index 0
loadhw -hw B:/SVN/cores/customers/zifra/zybo/zybo_foc/arty_z7_20_foc.sdk/zsys_wrapper_hw_platform_0/system.hdf -mem-ranges [list {0x40000000 0xbfffffff}]
configparams force-mem-access 1
targets -set -nocase -filter {name =~"APU*" && jtag_cable_name =~ "Digilent Arty Z7 210346298153A"} -index 0
stop
ps7_init
ps7_post_config
targets -set -nocase -filter {name =~ "ARM*#0" && jtag_cable_name =~ "Digilent Arty Z7 210346298153A"} -index 0
rst -processor
targets -set -nocase -filter {name =~ "ARM*#0" && jtag_cable_name =~ "Digilent Arty Z7 210346298153A"} -index 0
dow B:/SVN/cores/customers/zifra/zybo/zybo_foc/arty_z7_20_foc.sdk/xilffs_bsp_xilffs_polled_example_1/Debug/xilffs_bsp_xilffs_polled_example_1.elf
configparams force-mem-access 0
----------------End of Script----------------

09:19:16 INFO  : Memory regions updated for context APU
09:19:16 INFO  : Context for processor 'ps7_cortexa9_0' is selected.
09:19:16 INFO  : 'con' command is executed.
09:19:16 INFO  : ----------------XSDB Script (After Launch)----------------
targets -set -nocase -filter {name =~ "ARM*#0" && jtag_cable_name =~ "Digilent Arty Z7 210346298153A"} -index 0
con
----------------End of Script----------------

09:19:16 INFO  : Launch script is exported to file 'B:\SVN\cores\customers\zifra\zybo\zybo_foc\arty_z7_20_foc.sdk\.sdk\launch_scripts\xilinx_c-c++_application_(system_debugger)\system_debugger_using_debug_xilffs_bsp_xilffs_polled_example_1.elf_on_local.tcl'
09:35:28 INFO  : Disconnected from the channel tcfchan#5.
09:35:29 INFO  : 'targets -set -filter {jtag_cable_name =~ "Digilent Arty Z7 210346298153A" && level==0} -index 1' command is executed.
09:35:29 INFO  : 'fpga -state' command is executed.
09:35:29 INFO  : Connected to target on host '127.0.0.1' and port '3121'.
09:35:29 INFO  : Jtag cable 'Digilent Arty Z7 210346298153A' is selected.
09:35:29 INFO  : 'jtag frequency' command is executed.
09:35:29 INFO  : Sourcing of 'B:/SVN/cores/customers/zifra/zybo/zybo_foc/arty_z7_20_foc.sdk/zsys_wrapper_hw_platform_0/ps7_init.tcl' is done.
09:35:30 INFO  : Context for 'APU' is selected.
09:35:30 INFO  : Hardware design information is loaded from 'B:/SVN/cores/customers/zifra/zybo/zybo_foc/arty_z7_20_foc.sdk/zsys_wrapper_hw_platform_0/system.hdf'.
09:35:30 INFO  : 'configparams force-mem-access 1' command is executed.
09:35:30 INFO  : Context for 'APU' is selected.
09:35:30 INFO  : 'stop' command is executed.
09:35:30 INFO  : 'ps7_init' command is executed.
09:35:30 INFO  : 'ps7_post_config' command is executed.
09:35:30 INFO  : Context for processor 'ps7_cortexa9_0' is selected.
09:35:30 INFO  : Processor reset is completed for 'ps7_cortexa9_0'.
09:35:30 INFO  : Context for processor 'ps7_cortexa9_0' is selected.
09:35:30 INFO  : The application 'B:/SVN/cores/customers/zifra/zybo/zybo_foc/arty_z7_20_foc.sdk/xilffs_bsp_xilffs_polled_example_1/Debug/xilffs_bsp_xilffs_polled_example_1.elf' is downloaded to processor 'ps7_cortexa9_0'.
09:35:30 INFO  : 'configparams force-mem-access 0' command is executed.
09:35:30 INFO  : ----------------XSDB Script----------------
connect -url tcp:127.0.0.1:3121
source B:/SVN/cores/customers/zifra/zybo/zybo_foc/arty_z7_20_foc.sdk/zsys_wrapper_hw_platform_0/ps7_init.tcl
targets -set -nocase -filter {name =~"APU*" && jtag_cable_name =~ "Digilent Arty Z7 210346298153A"} -index 0
loadhw -hw B:/SVN/cores/customers/zifra/zybo/zybo_foc/arty_z7_20_foc.sdk/zsys_wrapper_hw_platform_0/system.hdf -mem-ranges [list {0x40000000 0xbfffffff}]
configparams force-mem-access 1
targets -set -nocase -filter {name =~"APU*" && jtag_cable_name =~ "Digilent Arty Z7 210346298153A"} -index 0
stop
ps7_init
ps7_post_config
targets -set -nocase -filter {name =~ "ARM*#0" && jtag_cable_name =~ "Digilent Arty Z7 210346298153A"} -index 0
rst -processor
targets -set -nocase -filter {name =~ "ARM*#0" && jtag_cable_name =~ "Digilent Arty Z7 210346298153A"} -index 0
dow B:/SVN/cores/customers/zifra/zybo/zybo_foc/arty_z7_20_foc.sdk/xilffs_bsp_xilffs_polled_example_1/Debug/xilffs_bsp_xilffs_polled_example_1.elf
configparams force-mem-access 0
----------------End of Script----------------

09:35:30 INFO  : Memory regions updated for context APU
09:35:30 INFO  : Context for processor 'ps7_cortexa9_0' is selected.
09:35:30 INFO  : 'con' command is executed.
09:35:30 INFO  : ----------------XSDB Script (After Launch)----------------
targets -set -nocase -filter {name =~ "ARM*#0" && jtag_cable_name =~ "Digilent Arty Z7 210346298153A"} -index 0
con
----------------End of Script----------------

09:35:30 INFO  : Launch script is exported to file 'B:\SVN\cores\customers\zifra\zybo\zybo_foc\arty_z7_20_foc.sdk\.sdk\launch_scripts\xilinx_c-c++_application_(system_debugger)\system_debugger_using_debug_xilffs_bsp_xilffs_polled_example_1.elf_on_local.tcl'
09:36:31 INFO  : Disconnected from the channel tcfchan#6.
09:36:32 INFO  : 'targets -set -filter {jtag_cable_name =~ "Digilent Arty Z7 210346298153A" && level==0} -index 1' command is executed.
09:36:32 INFO  : 'fpga -state' command is executed.
09:36:32 INFO  : Connected to target on host '127.0.0.1' and port '3121'.
09:36:32 INFO  : Jtag cable 'Digilent Arty Z7 210346298153A' is selected.
09:36:32 INFO  : 'jtag frequency' command is executed.
09:36:32 INFO  : Sourcing of 'B:/SVN/cores/customers/zifra/zybo/zybo_foc/arty_z7_20_foc.sdk/zsys_wrapper_hw_platform_0/ps7_init.tcl' is done.
09:36:32 INFO  : Context for 'APU' is selected.
09:36:32 INFO  : Hardware design information is loaded from 'B:/SVN/cores/customers/zifra/zybo/zybo_foc/arty_z7_20_foc.sdk/zsys_wrapper_hw_platform_0/system.hdf'.
09:36:32 INFO  : 'configparams force-mem-access 1' command is executed.
09:36:32 INFO  : Context for 'APU' is selected.
09:36:32 INFO  : 'stop' command is executed.
09:36:33 INFO  : 'ps7_init' command is executed.
09:36:33 INFO  : 'ps7_post_config' command is executed.
09:36:33 INFO  : Context for processor 'ps7_cortexa9_0' is selected.
09:36:33 INFO  : Processor reset is completed for 'ps7_cortexa9_0'.
09:36:33 INFO  : Context for processor 'ps7_cortexa9_0' is selected.
09:36:33 INFO  : The application 'B:/SVN/cores/customers/zifra/zybo/zybo_foc/arty_z7_20_foc.sdk/xilffs_bsp_xilffs_polled_example_1/Debug/xilffs_bsp_xilffs_polled_example_1.elf' is downloaded to processor 'ps7_cortexa9_0'.
09:36:33 INFO  : 'configparams force-mem-access 0' command is executed.
09:36:33 INFO  : ----------------XSDB Script----------------
connect -url tcp:127.0.0.1:3121
source B:/SVN/cores/customers/zifra/zybo/zybo_foc/arty_z7_20_foc.sdk/zsys_wrapper_hw_platform_0/ps7_init.tcl
targets -set -nocase -filter {name =~"APU*" && jtag_cable_name =~ "Digilent Arty Z7 210346298153A"} -index 0
loadhw -hw B:/SVN/cores/customers/zifra/zybo/zybo_foc/arty_z7_20_foc.sdk/zsys_wrapper_hw_platform_0/system.hdf -mem-ranges [list {0x40000000 0xbfffffff}]
configparams force-mem-access 1
targets -set -nocase -filter {name =~"APU*" && jtag_cable_name =~ "Digilent Arty Z7 210346298153A"} -index 0
stop
ps7_init
ps7_post_config
targets -set -nocase -filter {name =~ "ARM*#0" && jtag_cable_name =~ "Digilent Arty Z7 210346298153A"} -index 0
rst -processor
targets -set -nocase -filter {name =~ "ARM*#0" && jtag_cable_name =~ "Digilent Arty Z7 210346298153A"} -index 0
dow B:/SVN/cores/customers/zifra/zybo/zybo_foc/arty_z7_20_foc.sdk/xilffs_bsp_xilffs_polled_example_1/Debug/xilffs_bsp_xilffs_polled_example_1.elf
configparams force-mem-access 0
----------------End of Script----------------

09:36:33 INFO  : Memory regions updated for context APU
09:36:33 INFO  : Context for processor 'ps7_cortexa9_0' is selected.
09:36:33 INFO  : 'con' command is executed.
09:36:33 INFO  : ----------------XSDB Script (After Launch)----------------
targets -set -nocase -filter {name =~ "ARM*#0" && jtag_cable_name =~ "Digilent Arty Z7 210346298153A"} -index 0
con
----------------End of Script----------------

09:36:33 INFO  : Launch script is exported to file 'B:\SVN\cores\customers\zifra\zybo\zybo_foc\arty_z7_20_foc.sdk\.sdk\launch_scripts\xilinx_c-c++_application_(system_debugger)\system_debugger_using_debug_xilffs_bsp_xilffs_polled_example_1.elf_on_local.tcl'
09:38:32 INFO  : Disconnected from the channel tcfchan#7.
09:38:33 INFO  : 'targets -set -filter {jtag_cable_name =~ "Digilent Arty Z7 210346298153A" && level==0} -index 1' command is executed.
09:38:33 INFO  : 'fpga -state' command is executed.
09:38:33 INFO  : Connected to target on host '127.0.0.1' and port '3121'.
09:38:33 INFO  : Jtag cable 'Digilent Arty Z7 210346298153A' is selected.
09:38:33 INFO  : 'jtag frequency' command is executed.
09:38:33 INFO  : Sourcing of 'B:/SVN/cores/customers/zifra/zybo/zybo_foc/arty_z7_20_foc.sdk/zsys_wrapper_hw_platform_0/ps7_init.tcl' is done.
09:38:33 INFO  : Context for 'APU' is selected.
09:38:33 INFO  : Hardware design information is loaded from 'B:/SVN/cores/customers/zifra/zybo/zybo_foc/arty_z7_20_foc.sdk/zsys_wrapper_hw_platform_0/system.hdf'.
09:38:33 INFO  : 'configparams force-mem-access 1' command is executed.
09:38:33 INFO  : Context for 'APU' is selected.
09:38:33 INFO  : 'stop' command is executed.
09:38:34 INFO  : 'ps7_init' command is executed.
09:38:34 INFO  : 'ps7_post_config' command is executed.
09:38:34 INFO  : Context for processor 'ps7_cortexa9_0' is selected.
09:38:34 INFO  : Processor reset is completed for 'ps7_cortexa9_0'.
09:38:34 INFO  : Context for processor 'ps7_cortexa9_0' is selected.
09:38:34 INFO  : The application 'B:/SVN/cores/customers/zifra/zybo/zybo_foc/arty_z7_20_foc.sdk/xilffs_bsp_xilffs_polled_example_1/Debug/xilffs_bsp_xilffs_polled_example_1.elf' is downloaded to processor 'ps7_cortexa9_0'.
09:38:34 INFO  : 'configparams force-mem-access 0' command is executed.
09:38:34 INFO  : ----------------XSDB Script----------------
connect -url tcp:127.0.0.1:3121
source B:/SVN/cores/customers/zifra/zybo/zybo_foc/arty_z7_20_foc.sdk/zsys_wrapper_hw_platform_0/ps7_init.tcl
targets -set -nocase -filter {name =~"APU*" && jtag_cable_name =~ "Digilent Arty Z7 210346298153A"} -index 0
loadhw -hw B:/SVN/cores/customers/zifra/zybo/zybo_foc/arty_z7_20_foc.sdk/zsys_wrapper_hw_platform_0/system.hdf -mem-ranges [list {0x40000000 0xbfffffff}]
configparams force-mem-access 1
targets -set -nocase -filter {name =~"APU*" && jtag_cable_name =~ "Digilent Arty Z7 210346298153A"} -index 0
stop
ps7_init
ps7_post_config
targets -set -nocase -filter {name =~ "ARM*#0" && jtag_cable_name =~ "Digilent Arty Z7 210346298153A"} -index 0
rst -processor
targets -set -nocase -filter {name =~ "ARM*#0" && jtag_cable_name =~ "Digilent Arty Z7 210346298153A"} -index 0
dow B:/SVN/cores/customers/zifra/zybo/zybo_foc/arty_z7_20_foc.sdk/xilffs_bsp_xilffs_polled_example_1/Debug/xilffs_bsp_xilffs_polled_example_1.elf
configparams force-mem-access 0
----------------End of Script----------------

09:38:34 INFO  : Memory regions updated for context APU
09:38:34 INFO  : Context for processor 'ps7_cortexa9_0' is selected.
09:38:34 INFO  : 'con' command is executed.
09:38:34 INFO  : ----------------XSDB Script (After Launch)----------------
targets -set -nocase -filter {name =~ "ARM*#0" && jtag_cable_name =~ "Digilent Arty Z7 210346298153A"} -index 0
con
----------------End of Script----------------

09:38:34 INFO  : Launch script is exported to file 'B:\SVN\cores\customers\zifra\zybo\zybo_foc\arty_z7_20_foc.sdk\.sdk\launch_scripts\xilinx_c-c++_application_(system_debugger)\system_debugger_using_debug_xilffs_bsp_xilffs_polled_example_1.elf_on_local.tcl'
09:47:03 INFO  : Disconnected from the channel tcfchan#8.
09:47:07 ERROR : Unexpected error while parsing XMD response ?: com.google.gson.JsonSyntaxException: com.google.gson.stream.MalformedJsonException: invalid number or unquoted string near 
12:55:50 INFO  : Registering command handlers for SDK TCF services
12:55:51 INFO  : Launching XSCT server: xsct.bat -interactive B:\SVN\cores\customers\zifra\zybo\zybo_foc\arty_z7_20_foc.sdk\temp_xsdb_launch_script.tcl
12:55:53 INFO  : XSCT server has started successfully.
12:55:53 INFO  : Successfully done setting XSCT server connection channel  
12:55:53 INFO  : Successfully done setting SDK workspace  
12:55:53 INFO  : Processing command line option -hwspec B:/SVN/cores/customers/zifra/zybo/zybo_foc/arty_z7_20_foc.sdk/zsys_wrapper.hdf.
12:55:53 INFO  : Checking for hwspec changes in the project zsys_wrapper_hw_platform_0.
12:55:57 INFO  : SDK has detected change in the last modified timestamps for source hardware specification file Source:1523530371133,  Project:1523513274435
12:55:57 INFO  : The hardware specification for project 'zsys_wrapper_hw_platform_0' is different from B:/SVN/cores/customers/zifra/zybo/zybo_foc/arty_z7_20_foc.sdk/zsys_wrapper.hdf.
12:55:57 INFO  : Copied contents of B:/SVN/cores/customers/zifra/zybo/zybo_foc/arty_z7_20_foc.sdk/zsys_wrapper.hdf into \zsys_wrapper_hw_platform_0\system.hdf.
12:56:18 INFO  : Synchronizing projects in the workspace with the hardware platform specification changes.
12:56:21 INFO  : 
12:56:23 INFO  : 
12:56:24 INFO  : 
12:56:41 INFO  : Updating hardware inferred compiler options for fsbl.
12:56:42 INFO  : Updating hardware inferred compiler options for uboot.
12:56:43 INFO  : Updating hardware inferred compiler options for xilffs.
12:56:44 INFO  : Updating hardware inferred compiler options for xilffs_bsp_xilffs_polled_example_1.
12:56:44 INFO  : Clearing existing target manager status.
12:56:44 WARN  : Given IPC port value is invalid. Using default port 2350
12:56:44 WARN  : Given XMD timeout value is invalid. Using default value of 50000
12:56:45 WARN  : Given XMD transaction timeout value is invalid. Using default value of 60000 milli seconds
12:57:39 INFO  : Invoking Bootgen: bootgen -image uboot.bif -arch zynq -o B:\SVN\cores\customers\zifra\zybo\zybo_foc\arty_z7_20_foc.sdk\uboot\bootimage\BOOT.bin -w on
12:57:41 INFO  : Bootgen command execution is done.
13:45:27 INFO  : SDK has detected change in the last modified timestamps for source hardware specification file Source:1523533035825,  Project:1523530371133
13:45:27 INFO  : Project zsys_wrapper_hw_platform_0's source hardware specification located at B:/SVN/cores/customers/zifra/zybo/zybo_foc/arty_z7_20_foc.sdk/zsys_wrapper.hdf is now different from the local copy.
		 The local copy will be replaced with the source specification and your workspace will be updated.
13:45:27 INFO  : Copied contents of B:/SVN/cores/customers/zifra/zybo/zybo_foc/arty_z7_20_foc.sdk/zsys_wrapper.hdf into \zsys_wrapper_hw_platform_0\system.hdf.
13:45:32 INFO  : Synchronizing projects in the workspace with the hardware platform specification changes.
13:45:34 INFO  : 
13:45:36 INFO  : 
13:45:37 INFO  : 
13:45:38 INFO  : Updating hardware inferred compiler options for fsbl.
13:45:39 INFO  : Updating hardware inferred compiler options for uboot.
13:45:40 INFO  : Updating hardware inferred compiler options for xilffs.
13:45:40 INFO  : Updating hardware inferred compiler options for xilffs_bsp_xilffs_polled_example_1.
13:45:40 INFO  : Clearing existing target manager status.
13:45:40 INFO  : Closing and re-opening the MSS file of ther project fsbl_bsp
13:45:41 INFO  : Closing and re-opening the MSS file of ther project uboot_bsp
13:47:00 INFO  : Invoking Bootgen: bootgen -image uboot.bif -arch zynq -o B:\SVN\cores\customers\zifra\zybo\zybo_foc\arty_z7_20_foc.sdk\uboot\bootimage\BOOT.bin -w on
13:47:01 INFO  : Bootgen command execution is done.
13:47:43 INFO  : Invoking Bootgen: bootgen -image uboot.bif -arch zynq -o B:\SVN\cores\customers\zifra\zybo\zybo_foc\arty_z7_20_foc.sdk\uboot\bootimage\BOOT.bin -w on
13:47:44 INFO  : Bootgen command execution is done.
14:34:57 INFO  : SDK has detected change in the last modified timestamps for source hardware specification file Source:1523536422582,  Project:1523533035825
14:34:57 INFO  : Project zsys_wrapper_hw_platform_0's source hardware specification located at B:/SVN/cores/customers/zifra/zybo/zybo_foc/arty_z7_20_foc.sdk/zsys_wrapper.hdf is now different from the local copy.
		 The local copy will be replaced with the source specification and your workspace will be updated.
14:34:57 INFO  : Copied contents of B:/SVN/cores/customers/zifra/zybo/zybo_foc/arty_z7_20_foc.sdk/zsys_wrapper.hdf into \zsys_wrapper_hw_platform_0\system.hdf.
14:35:03 INFO  : Synchronizing projects in the workspace with the hardware platform specification changes.
14:35:05 INFO  : 
14:35:07 INFO  : 
14:35:08 INFO  : Updating hardware inferred compiler options for fsbl.
14:35:09 INFO  : Updating hardware inferred compiler options for uboot.
14:35:09 INFO  : Clearing existing target manager status.
14:35:09 INFO  : Closing and re-opening the MSS file of ther project fsbl_bsp
14:35:09 INFO  : Closing and re-opening the MSS file of ther project uboot_bsp
14:35:09 INFO  : Workspace synchronized with the new hardware specification file. Cleaning dependent projects...
14:35:12 WARN  : Linker script will not be updated automatically. Users need to update it manually.
14:36:38 INFO  : Invoking Bootgen: bootgen -image uboot.bif -arch zynq -o B:\SVN\cores\customers\zifra\zybo\zybo_foc\arty_z7_20_foc.sdk\uboot\bootimage\BOOT.bin -w on
14:36:39 INFO  : Bootgen command execution is done.
14:57:21 INFO  : SDK has detected change in the last modified timestamps for source hardware specification file Source:1523537795490,  Project:1523536422582
14:57:21 INFO  : Project zsys_wrapper_hw_platform_0's source hardware specification located at B:/SVN/cores/customers/zifra/zybo/zybo_foc/arty_z7_20_foc.sdk/zsys_wrapper.hdf is now different from the local copy.
		 The local copy will be replaced with the source specification and your workspace will be updated.
14:57:22 INFO  : Copied contents of B:/SVN/cores/customers/zifra/zybo/zybo_foc/arty_z7_20_foc.sdk/zsys_wrapper.hdf into \zsys_wrapper_hw_platform_0\system.hdf.
14:57:27 INFO  : Synchronizing projects in the workspace with the hardware platform specification changes.
14:57:29 INFO  : 
14:57:31 INFO  : 
14:57:32 INFO  : Updating hardware inferred compiler options for fsbl.
14:57:32 INFO  : Updating hardware inferred compiler options for uboot.
14:57:32 INFO  : Clearing existing target manager status.
14:57:32 INFO  : Closing and re-opening the MSS file of ther project fsbl_bsp
14:57:33 INFO  : Closing and re-opening the MSS file of ther project uboot_bsp
14:57:33 INFO  : Workspace synchronized with the new hardware specification file. Cleaning dependent projects...
14:57:36 WARN  : Linker script will not be updated automatically. Users need to update it manually.
15:00:42 INFO  : Invoking Bootgen: bootgen -image uboot.bif -arch zynq -o B:\SVN\cores\customers\zifra\zybo\zybo_foc\arty_z7_20_foc.sdk\uboot\bootimage\BOOT.bin -w on
15:00:43 INFO  : Bootgen command execution is done.
15:01:28 INFO  : Invoking Bootgen: bootgen -image uboot.bif -arch zynq -o B:\SVN\cores\customers\zifra\zybo\zybo_foc\arty_z7_20_foc.sdk\uboot\bootimage\BOOT.bin -w on
15:01:29 INFO  : Bootgen command execution is done.
15:34:37 INFO  : SDK has detected change in the last modified timestamps for source hardware specification file Source:1523539980048,  Project:1523537795490
15:34:37 INFO  : Project zsys_wrapper_hw_platform_0's source hardware specification located at B:/SVN/cores/customers/zifra/zybo/zybo_foc/arty_z7_20_foc.sdk/zsys_wrapper.hdf is now different from the local copy.
		 The local copy will be replaced with the source specification and your workspace will be updated.
15:34:37 INFO  : Copied contents of B:/SVN/cores/customers/zifra/zybo/zybo_foc/arty_z7_20_foc.sdk/zsys_wrapper.hdf into \zsys_wrapper_hw_platform_0\system.hdf.
15:34:43 INFO  : Synchronizing projects in the workspace with the hardware platform specification changes.
15:34:44 INFO  : 
15:34:46 INFO  : 
15:34:47 INFO  : Updating hardware inferred compiler options for fsbl.
15:34:48 INFO  : Updating hardware inferred compiler options for uboot.
15:34:48 INFO  : Clearing existing target manager status.
15:34:48 INFO  : Closing and re-opening the MSS file of ther project fsbl_bsp
15:34:48 INFO  : Closing and re-opening the MSS file of ther project uboot_bsp
15:34:48 INFO  : Workspace synchronized with the new hardware specification file. Cleaning dependent projects...
15:34:51 WARN  : Linker script will not be updated automatically. Users need to update it manually.
15:35:42 INFO  : Invoking Bootgen: bootgen -image uboot.bif -arch zynq -o B:\SVN\cores\customers\zifra\zybo\zybo_foc\arty_z7_20_foc.sdk\uboot\bootimage\BOOT.bin -w on
15:35:43 INFO  : Bootgen command execution is done.
16:24:35 ERROR : Unexpected error while parsing XMD response ?: com.google.gson.JsonSyntaxException: com.google.gson.stream.MalformedJsonException: invalid number or unquoted string near 
10:37:17 INFO  : Launching XSCT server: xsct.bat -interactive B:\SVN\cores\customers\zifra\zybo\zybo_foc\arty_z7_20_foc.sdk\temp_xsdb_launch_script.tcl
10:37:19 INFO  : XSCT server has started successfully.
10:37:19 INFO  : Successfully done setting XSCT server connection channel  
10:37:19 INFO  : Successfully done setting SDK workspace  
10:37:24 INFO  : Registering command handlers for SDK TCF services
10:37:24 INFO  : Processing command line option -hwspec B:/SVN/cores/customers/zifra/zybo/zybo_foc/arty_z7_20_foc.sdk/zsys_wrapper.hdf.
10:37:25 INFO  : Checking for hwspec changes in the project zsys_wrapper_hw_platform_0.
10:37:25 INFO  : SDK has detected change in the last modified timestamps for source hardware specification file Source:1523605514837,  Project:1523539980048
10:37:25 INFO  : The hardware specification for project 'zsys_wrapper_hw_platform_0' is different from B:/SVN/cores/customers/zifra/zybo/zybo_foc/arty_z7_20_foc.sdk/zsys_wrapper.hdf.
10:37:25 INFO  : Copied contents of B:/SVN/cores/customers/zifra/zybo/zybo_foc/arty_z7_20_foc.sdk/zsys_wrapper.hdf into \zsys_wrapper_hw_platform_0\system.hdf.
10:37:32 INFO  : Synchronizing projects in the workspace with the hardware platform specification changes.
10:37:33 INFO  : 
10:37:35 INFO  : 
10:37:36 INFO  : Updating hardware inferred compiler options for fsbl.
10:37:37 INFO  : Updating hardware inferred compiler options for uboot.
10:37:37 INFO  : Clearing existing target manager status.
10:37:37 WARN  : Given IPC port value is invalid. Using default port 2350
10:37:37 WARN  : Given XMD timeout value is invalid. Using default value of 50000
10:37:38 WARN  : Given XMD transaction timeout value is invalid. Using default value of 60000 milli seconds
10:38:03 INFO  : Invoking Bootgen: bootgen -image uboot.bif -arch zynq -o B:\SVN\cores\customers\zifra\zybo\zybo_foc\arty_z7_20_foc.sdk\uboot\bootimage\BOOT.bin -w on
10:38:04 INFO  : Bootgen command execution is done.
14:38:30 INFO  : SDK has detected change in the last modified timestamps for source hardware specification file Source:1523623087969,  Project:1523605514837
14:38:30 INFO  : Project zsys_wrapper_hw_platform_0's source hardware specification located at B:/SVN/cores/customers/zifra/zybo/zybo_foc/arty_z7_20_foc.sdk/zsys_wrapper.hdf is now different from the local copy.
		 The local copy will be replaced with the source specification and your workspace will be updated.
14:38:30 INFO  : Copied contents of B:/SVN/cores/customers/zifra/zybo/zybo_foc/arty_z7_20_foc.sdk/zsys_wrapper.hdf into \zsys_wrapper_hw_platform_0\system.hdf.
14:38:35 INFO  : Synchronizing projects in the workspace with the hardware platform specification changes.
14:38:37 INFO  : 
14:38:38 INFO  : 
14:38:39 INFO  : Updating hardware inferred compiler options for fsbl.
14:38:40 INFO  : Updating hardware inferred compiler options for uboot.
14:38:40 INFO  : Clearing existing target manager status.
14:39:24 INFO  : Invoking Bootgen: bootgen -image uboot.bif -arch zynq -o B:\SVN\cores\customers\zifra\zybo\zybo_foc\arty_z7_20_foc.sdk\uboot\bootimage\BOOT.bin -w on
14:39:25 INFO  : Bootgen command execution is done.
14:46:03 INFO  : Invoking Bootgen: bootgen -image uboot.bif -arch zynq -o B:\SVN\cores\customers\zifra\zybo\zybo_foc\arty_z7_20_foc.sdk\uboot\bootimage\BOOT.bin -w on
14:46:04 INFO  : Bootgen command execution is done.
11:40:54 ERROR : Unexpected error while parsing XMD response ?: com.google.gson.JsonSyntaxException: com.google.gson.stream.MalformedJsonException: invalid number or unquoted string near 
11:38:23 INFO  : Launching XSCT server: xsct.bat -interactive B:\SVN\cores\customers\zifra\zybo\zybo_foc\arty_z7_20_foc.sdk\temp_xsdb_launch_script.tcl
11:38:25 INFO  : XSCT server has started successfully.
11:38:25 INFO  : Successfully done setting XSCT server connection channel  
11:38:25 INFO  : Successfully done setting SDK workspace  
11:38:30 INFO  : Registering command handlers for SDK TCF services
11:38:30 INFO  : Processing command line option -hwspec B:/SVN/cores/customers/zifra/zybo/zybo_foc/arty_z7_20_foc.sdk/zsys_wrapper.hdf.
11:38:31 INFO  : Checking for hwspec changes in the project zsys_wrapper_hw_platform_0.
11:38:31 INFO  : SDK has detected change in the last modified timestamps for source hardware specification file Source:1523870962854,  Project:1523623087969
11:38:31 INFO  : The hardware specification for project 'zsys_wrapper_hw_platform_0' is different from B:/SVN/cores/customers/zifra/zybo/zybo_foc/arty_z7_20_foc.sdk/zsys_wrapper.hdf.
11:38:31 INFO  : Copied contents of B:/SVN/cores/customers/zifra/zybo/zybo_foc/arty_z7_20_foc.sdk/zsys_wrapper.hdf into \zsys_wrapper_hw_platform_0\system.hdf.
11:38:38 INFO  : Synchronizing projects in the workspace with the hardware platform specification changes.
11:38:40 INFO  : 
11:38:41 INFO  : 
11:38:42 INFO  : Updating hardware inferred compiler options for fsbl.
11:38:43 INFO  : Updating hardware inferred compiler options for uboot.
11:38:43 INFO  : Clearing existing target manager status.
11:38:43 WARN  : Given IPC port value is invalid. Using default port 2350
11:38:43 WARN  : Given XMD timeout value is invalid. Using default value of 50000
11:38:44 WARN  : Given XMD transaction timeout value is invalid. Using default value of 60000 milli seconds
11:39:03 INFO  : Invoking Bootgen: bootgen -image uboot.bif -arch zynq -o B:\SVN\cores\customers\zifra\zybo\zybo_foc\arty_z7_20_foc.sdk\uboot\bootimage\BOOT.bin -w on
11:39:04 INFO  : Bootgen command execution is done.
11:40:03 INFO  : Invoking Bootgen: bootgen -image uboot.bif -arch zynq -o B:\SVN\cores\customers\zifra\zybo\zybo_foc\arty_z7_20_foc.sdk\uboot\bootimage\BOOT.bin -w on
11:40:04 INFO  : Bootgen command execution is done.
11:50:05 ERROR : Unexpected error while parsing XMD response ?: com.google.gson.JsonSyntaxException: com.google.gson.stream.MalformedJsonException: invalid number or unquoted string near 
