INFO: [VRFC 10-163] Analyzing VHDL file "/home/torbjorn/Downloads/stuff_from_anti/arty_z7_20_foc.srcs/sources_1/new/clock_detector.vhd" into library xil_defaultlib
INFO: [VRFC 10-307] analyzing entity clock_detector
INFO: [VRFC 10-163] Analyzing VHDL file "/home/torbjorn/Downloads/stuff_from_anti/arty_z7_20_foc.ip_user_files/bd/zsys/ipshared/517f/src/emio_sdemu.vhd" into library xil_defaultlib
INFO: [VRFC 10-307] analyzing entity emio_sdemu
INFO: [VRFC 10-163] Analyzing VHDL file "/home/torbjorn/Downloads/stuff_from_anti/arty_z7_20_foc.ip_user_files/bd/zsys/ip/zsys_emio_sdemu_0_0/sim/zsys_emio_sdemu_0_0.vhd" into library xil_defaultlib
INFO: [VRFC 10-307] analyzing entity zsys_emio_sdemu_0_0
INFO: [VRFC 10-163] Analyzing VHDL file "/home/torbjorn/Downloads/stuff_from_anti/arty_z7_20_foc.ip_user_files/bd/zsys/ip/zsys_proc_sys_reset_0_0/sim/zsys_proc_sys_reset_0_0.vhd" into library xil_defaultlib
INFO: [VRFC 10-307] analyzing entity zsys_proc_sys_reset_0_0
INFO: [VRFC 10-163] Analyzing VHDL file "/home/torbjorn/Downloads/stuff_from_anti/arty_z7_20_foc.ip_user_files/bd/zsys/ipshared/0714/hdl/src/SDIP_CMD_RX.vhd" into library xil_defaultlib
INFO: [VRFC 10-307] analyzing entity SDIP_CMD_RX
INFO: [VRFC 10-163] Analyzing VHDL file "/home/torbjorn/Downloads/stuff_from_anti/arty_z7_20_foc.ip_user_files/bd/zsys/ipshared/0714/hdl/src/SDIP_RX_CRC7.vhd" into library xil_defaultlib
INFO: [VRFC 10-307] analyzing entity SDIP_RX_CRC7
INFO: [VRFC 10-163] Analyzing VHDL file "/home/torbjorn/Downloads/stuff_from_anti/arty_z7_20_foc.ip_user_files/bd/zsys/ipshared/0714/hdl/src/sdio_to_axis_v1_0.vhd" into library xil_defaultlib
INFO: [VRFC 10-307] analyzing entity sdio_to_axis_v1_0
INFO: [VRFC 10-163] Analyzing VHDL file "/home/torbjorn/Downloads/stuff_from_anti/arty_z7_20_foc.ip_user_files/bd/zsys/ip/zsys_sdio_monitor_axis_v1_0_0_0/sim/zsys_sdio_monitor_axis_v1_0_0_0.vhd" into library xil_defaultlib
INFO: [VRFC 10-307] analyzing entity zsys_sdio_monitor_axis_v1_0_0_0
INFO: [VRFC 10-163] Analyzing VHDL file "/home/torbjorn/Downloads/stuff_from_anti/arty_z7_20_foc.ip_user_files/bd/zsys/ip/zsys_system_ila_0_0/bd_0/sim/bd_f448.vhd" into library xil_defaultlib
INFO: [VRFC 10-307] analyzing entity bd_f448
INFO: [VRFC 10-163] Analyzing VHDL file "/home/torbjorn/Downloads/stuff_from_anti/arty_z7_20_foc.ip_user_files/bd/zsys/ip/zsys_system_ila_0_0/bd_0/ip/ip_0/sim/bd_f448_ila_lib_0.vhd" into library xil_defaultlib
INFO: [VRFC 10-307] analyzing entity bd_f448_ila_lib_0
INFO: [VRFC 10-163] Analyzing VHDL file "/home/torbjorn/Downloads/stuff_from_anti/arty_z7_20_foc.ip_user_files/bd/zsys/ip/zsys_system_ila_0_0/sim/zsys_system_ila_0_0.vhd" into library xil_defaultlib
INFO: [VRFC 10-307] analyzing entity zsys_system_ila_0_0
INFO: [VRFC 10-163] Analyzing VHDL file "/home/torbjorn/Downloads/stuff_from_anti/arty_z7_20_foc.ip_user_files/bd/zsys/ip/zsys_clock_detector_0_0/sim/zsys_clock_detector_0_0.vhd" into library xil_defaultlib
INFO: [VRFC 10-307] analyzing entity zsys_clock_detector_0_0
INFO: [VRFC 10-163] Analyzing VHDL file "/home/torbjorn/Downloads/stuff_from_anti/arty_z7_20_foc.ip_user_files/bd/zsys/ip/zsys_axi_bram_ctrl_0_0/sim/zsys_axi_bram_ctrl_0_0.vhd" into library xil_defaultlib
INFO: [VRFC 10-307] analyzing entity zsys_axi_bram_ctrl_0_0
INFO: [VRFC 10-163] Analyzing VHDL file "/home/torbjorn/Downloads/stuff_from_anti/arty_z7_20_foc.ip_user_files/bd/zsys/ip/zsys_vio_0_0/sim/zsys_vio_0_0.vhd" into library xil_defaultlib
INFO: [VRFC 10-307] analyzing entity zsys_vio_0_0
INFO: [VRFC 10-163] Analyzing VHDL file "/home/torbjorn/Downloads/stuff_from_anti/arty_z7_20_foc.ip_user_files/bd/zsys/ip/zsys_axi_bram_ctrl_1_0/sim/zsys_axi_bram_ctrl_1_0.vhd" into library xil_defaultlib
INFO: [VRFC 10-307] analyzing entity zsys_axi_bram_ctrl_1_0
INFO: [VRFC 10-163] Analyzing VHDL file "/home/torbjorn/Downloads/stuff_from_anti/arty_z7_20_foc.ip_user_files/bd/zsys/sim/zsys.vhd" into library xil_defaultlib
INFO: [VRFC 10-307] analyzing entity s00_couplers_imp_19HK85L
INFO: [VRFC 10-307] analyzing entity s00_couplers_imp_L9H7L4
INFO: [VRFC 10-307] analyzing entity zsys_axi_interconnect_0_0
INFO: [VRFC 10-307] analyzing entity zsys_axi_interconnect_1_0
INFO: [VRFC 10-307] analyzing entity zsys
INFO: [VRFC 10-163] Analyzing VHDL file "/home/torbjorn/Downloads/stuff_from_anti/arty_z7_20_foc.srcs/sources_1/bd/zsys/ipshared/e2ff/hdl/vhdl/util_ds_buf.vhd" into library util_ds_buf_v2_01_a
INFO: [VRFC 10-307] analyzing entity util_ds_buf
INFO: [VRFC 10-163] Analyzing VHDL file "/home/torbjorn/Downloads/stuff_from_anti/arty_z7_20_foc.ip_user_files/bd/zsys/ip/zsys_util_ds_buf_0_0/sim/zsys_util_ds_buf_0_0.vhd" into library xil_defaultlib
INFO: [VRFC 10-307] analyzing entity zsys_util_ds_buf_0_0
INFO: [VRFC 10-163] Analyzing VHDL file "/home/torbjorn/Downloads/stuff_from_anti/arty_z7_20_foc.srcs/sources_1/bd/zsys/hdl/zsys_wrapper.vhd" into library xil_defaultlib
INFO: [VRFC 10-307] analyzing entity zsys_wrapper
